npm verb cli C:\Program Files\nodejs\node.exe C:\Users\JhonJ\AppData\Roaming\npm\node_modules\npm\bin\npm-cli.js
npm info using npm@9.7.2
npm info using node@v18.17.1
npm verb title npm install
npm verb argv "install" "--legacy-peer-deps" "--loglevel" "verbose"
npm verb logfile logs-max:10 dir:C:\Users\JhonJ\AppData\Local\npm-cache\_logs\2023-10-15T15_30_00_059Z-
npm verb logfile C:\Users\JhonJ\AppData\Local\npm-cache\_logs\2023-10-15T15_30_00_059Z-debug-0.log
npm http fetch GET 200 https://registry.npmjs.org/typescript 33ms (cache hit)
npm http fetch GET 200 https://registry.npmjs.org/cypress 20ms (cache hit)
npm http fetch GET 200 https://registry.npmjs.org/browserstack-cypress-cli 9ms (cache hit)
npm http fetch GET 200 https://registry.npmjs.org/cypress-cucumber-preprocessor 7ms (cache hit)
npm http fetch GET 200 https://registry.npmjs.org/cypress-multi-reporters 7ms (cache hit)
npm http fetch GET 200 https://registry.npmjs.org/mocha-junit-reporter 7ms (cache hit)
npm http fetch GET 200 https://registry.npmjs.org/mochawesome 6ms (cache hit)
npm http fetch GET 200 https://registry.npmjs.org/@badeball%2fcypress-cucumber-preprocessor 8ms (cache hit)
npm http fetch GET 200 https://registry.npmjs.org/@bahmutov%2fcypress-esbuild-preprocessor 6ms (cache hit)
npm http fetch GET 200 https://registry.npmjs.org/@shelex%2fcypress-allure-plugin 8ms (cache hit)
npm http fetch GET 200 https://registry.npmjs.org/@testing-library%2fcypress 5ms (cache hit)
npm http fetch GET 200 https://registry.npmjs.org/esbuild 8ms (cache hit)
npm http fetch GET 200 https://registry.npmjs.org/multiple-cucumber-html-reporter 7ms (cache hit)
npm http fetch GET 200 https://registry.npmjs.org/playwright-webkit 18ms (cache hit)
npm http fetch GET 200 https://registry.npmjs.org/@badeball%2fcypress-configuration 351ms (cache hit)
npm http fetch GET 200 https://registry.npmjs.org/@cucumber%2fcucumber-expressions 352ms (cache hit)
npm http fetch GET 200 https://registry.npmjs.org/@cucumber%2fhtml-formatter 353ms (cache hit)
npm http fetch GET 200 https://registry.npmjs.org/@cucumber%2fmessage-streams 354ms (cache hit)
npm http fetch GET 200 https://registry.npmjs.org/@cucumber%2fgherkin 355ms (cache hit)
npm http fetch GET 200 https://registry.npmjs.org/chalk 352ms (cache hit)
npm http fetch GET 200 https://registry.npmjs.org/@cucumber%2fpretty-formatter 356ms (cache hit)
npm http fetch GET 200 https://registry.npmjs.org/base64-js 354ms (cache hit)
npm http fetch GET 200 https://registry.npmjs.org/@cucumber%2fmessages 357ms (cache hit)
npm http fetch GET 200 https://registry.npmjs.org/@cucumber%2fcucumber 360ms (cache hit)
npm http fetch GET 200 https://registry.npmjs.org/debug 356ms (cache hit)
npm http fetch GET 200 https://registry.npmjs.org/cli-table 359ms (cache hit)
npm http fetch GET 200 https://registry.npmjs.org/is-path-inside 355ms (cache hit)
npm http fetch GET 200 https://registry.npmjs.org/error-stack-parser 357ms (cache hit)
npm http fetch GET 200 https://registry.npmjs.org/common-ancestor-path 361ms (cache hit)
npm http fetch GET 200 https://registry.npmjs.org/@cucumber%2ftag-expressions 363ms (cache hit)
npm http fetch GET 200 https://registry.npmjs.org/source-map 355ms (cache hit)
npm http fetch GET 200 https://registry.npmjs.org/seedrandom 357ms (cache hit)
npm http fetch GET 200 https://registry.npmjs.org/debug 348ms (cache hit)
npm http fetch GET 200 https://registry.npmjs.org/cosmiconfig 363ms (cache hit)
npm http fetch GET 200 https://registry.npmjs.org/split 352ms (cache hit)
npm http fetch GET 200 https://registry.npmjs.org/uuid 351ms (cache hit)
npm http fetch GET 200 https://registry.npmjs.org/@shelex%2fallure-js-commons-browser 350ms (cache hit)
npm http fetch GET 200 https://registry.npmjs.org/crypto-js 349ms (cache hit)
npm http fetch GET 200 https://registry.npmjs.org/mocha 361ms (cache hit)
npm http fetch GET 200 https://registry.npmjs.org/uuid 353ms (cache hit)
npm http fetch GET 200 https://registry.npmjs.org/path-browserify 354ms (cache hit)
npm http fetch GET 200 https://registry.npmjs.org/object-inspect 354ms (cache hit)
npm http fetch GET 200 https://registry.npmjs.org/glob 368ms (cache hit)
npm http fetch GET 200 https://registry.npmjs.org/archiver 354ms (cache hit)
npm http fetch GET 200 https://registry.npmjs.org/async 354ms (cache hit)
npm http fetch GET 200 https://registry.npmjs.org/cli-progress 354ms (cache hit)
npm http fetch GET 200 https://registry.npmjs.org/fs-extra 354ms (cache hit)
npm http fetch GET 200 https://registry.npmjs.org/@babel%2fruntime 362ms (cache hit)
npm http fetch GET 200 https://registry.npmjs.org/chalk 360ms (cache hit)
npm http fetch GET 200 https://registry.npmjs.org/git-repo-info 357ms (cache hit)
npm http fetch GET 200 https://registry.npmjs.org/glob 356ms (cache hit)
npm http fetch GET 200 https://registry.npmjs.org/node-ipc 357ms (cache hit)
npm http fetch GET 200 https://registry.npmjs.org/@testing-library%2fdom 368ms (cache hit)
npm http fetch GET 200 https://registry.npmjs.org/mkdirp 363ms (cache hit)
npm http fetch GET 200 https://registry.npmjs.org/git-last-commit 367ms (cache hit)
npm http fetch GET 200 https://registry.npmjs.org/update-notifier 362ms (cache hit)
npm http fetch GET 200 https://registry.npmjs.org/getmac 369ms (cache hit)
npm http fetch GET 200 https://registry.npmjs.org/table 366ms (cache hit)
npm http fetch GET 200 https://registry.npmjs.org/requestretry 372ms (cache hit)
npm http fetch GET 200 https://registry.npmjs.org/gitconfiglocal 375ms (cache hit)
npm http fetch GET 200 https://registry.npmjs.org/windows-release 371ms (cache hit)
npm http fetch GET 200 https://registry.npmjs.org/uuid 373ms (cache hit)
npm http fetch GET 200 https://registry.npmjs.org/@cypress%2fxvfb 370ms (cache hit)
npm http fetch GET 200 https://registry.npmjs.org/request 376ms (cache hit)
npm http fetch GET 200 https://registry.npmjs.org/@cypress%2frequest 373ms (cache hit)
npm http fetch GET 200 https://registry.npmjs.org/@types%2fsinonjs__fake-timers 369ms (cache hit)
npm http fetch GET 200 https://registry.npmjs.org/winston 376ms (cache hit)
npm http fetch GET 200 https://registry.npmjs.org/decompress 376ms (cache hit)
npm http fetch GET 200 https://registry.npmjs.org/@types%2fsizzle 371ms (cache hit)
npm http fetch GET 200 https://registry.npmjs.org/browserstack-local 388ms (cache hit)
npm http fetch GET 200 https://registry.npmjs.org/arch 371ms (cache hit)
npm http fetch GET 200 https://registry.npmjs.org/blob-util 371ms (cache hit)
npm http fetch GET 200 https://registry.npmjs.org/buffer 370ms (cache hit)
npm http fetch GET 200 https://registry.npmjs.org/bluebird 372ms (cache hit)
npm http fetch GET 200 https://registry.npmjs.org/yargs 382ms (cache hit)
npm http fetch GET 200 https://registry.npmjs.org/chalk 372ms (cache hit)
npm http fetch GET 200 https://registry.npmjs.org/cli-table3 370ms (cache hit)
npm http fetch GET 200 https://registry.npmjs.org/check-more-types 373ms (cache hit)
npm http fetch GET 200 https://registry.npmjs.org/cachedir 376ms (cache hit)
npm http fetch GET 200 https://registry.npmjs.org/common-tags 372ms (cache hit)
npm http fetch GET 200 https://registry.npmjs.org/commander 373ms (cache hit)
npm http fetch GET 200 https://registry.npmjs.org/cli-cursor 375ms (cache hit)
npm http fetch GET 200 https://registry.npmjs.org/executable 371ms (cache hit)
npm http fetch GET 200 https://registry.npmjs.org/enquirer 374ms (cache hit)
npm http fetch GET 200 https://registry.npmjs.org/execa 373ms (cache hit)
npm http fetch GET 200 https://registry.npmjs.org/figures 372ms (cache hit)
npm http fetch GET 200 https://registry.npmjs.org/eventemitter2 375ms (cache hit)
npm http fetch GET 200 https://registry.npmjs.org/is-ci 373ms (cache hit)
npm http fetch GET 200 https://registry.npmjs.org/dayjs 378ms (cache hit)
npm http fetch GET 200 https://registry.npmjs.org/extract-zip 377ms (cache hit)
npm http fetch GET 200 https://registry.npmjs.org/is-installed-globally 376ms (cache hit)
npm http fetch GET 200 https://registry.npmjs.org/getos 376ms (cache hit)
npm http fetch GET 200 https://registry.npmjs.org/fs-extra 377ms (cache hit)
npm http fetch GET 200 https://registry.npmjs.org/lazy-ass 376ms (cache hit)
npm http fetch GET 200 https://registry.npmjs.org/lodash 376ms (cache hit)
npm http fetch GET 200 https://registry.npmjs.org/minimist 371ms (cache hit)
npm http fetch GET 200 https://registry.npmjs.org/log-symbols 376ms (cache hit)
npm http fetch GET 200 https://registry.npmjs.org/ospath 370ms (cache hit)
npm http fetch GET 200 https://registry.npmjs.org/proxy-from-env 370ms (cache hit)
npm http fetch GET 200 https://registry.npmjs.org/pretty-bytes 371ms (cache hit)
npm http fetch GET 200 https://registry.npmjs.org/request-progress 369ms (cache hit)
npm http fetch GET 200 https://registry.npmjs.org/process 371ms (cache hit)
npm http fetch GET 200 https://registry.npmjs.org/tmp 369ms (cache hit)
npm http fetch GET 200 https://registry.npmjs.org/supports-color 369ms (cache hit)
npm http fetch GET 200 https://registry.npmjs.org/yauzl 369ms (cache hit)
npm http fetch GET 200 https://registry.npmjs.org/listr2 381ms (cache hit)
npm http fetch GET 200 https://registry.npmjs.org/@types%2fnode 405ms (cache hit)
npm http fetch GET 200 https://registry.npmjs.org/semver 393ms (cache hit)
npm http fetch GET 200 https://registry.npmjs.org/chai 391ms (cache hit)
npm http fetch GET 200 https://registry.npmjs.org/@cypress%2fbrowserify-preprocessor 394ms (cache hit)
npm http fetch GET 200 https://registry.npmjs.org/chokidar 394ms (cache hit)
npm http fetch GET 200 https://registry.npmjs.org/untildify 398ms (cache hit)
npm http fetch GET 200 https://registry.npmjs.org/cosmiconfig 396ms (cache hit)
npm http fetch GET 200 https://registry.npmjs.org/debug 394ms (cache hit)
npm http fetch GET 200 https://registry.npmjs.org/dargs 399ms (cache hit)
npm http fetch GET 200 https://registry.npmjs.org/glob 398ms (cache hit)
npm http fetch GET 200 https://registry.npmjs.org/cucumber 403ms (cache hit)
npm http fetch GET 200 https://registry.npmjs.org/cucumber-expressions 405ms (cache hit)
npm http fetch GET 200 https://registry.npmjs.org/js-string-escape 403ms (cache hit)
npm http fetch GET 200 https://registry.npmjs.org/minimist 403ms (cache hit)
npm http fetch GET 200 https://registry.npmjs.org/through 403ms (cache hit)
npm http fetch GET 200 https://registry.npmjs.org/cucumber-tag-expressions 406ms (cache hit)
npm http fetch GET 200 https://registry.npmjs.org/gherkin 405ms (cache hit)
npm http fetch GET 200 https://registry.npmjs.org/@esbuild%2fandroid-arm 399ms (cache hit)
npm http fetch GET 200 https://registry.npmjs.org/@esbuild%2fdarwin-arm64 399ms (cache hit)
npm http fetch GET 200 https://registry.npmjs.org/@esbuild%2fandroid-arm64 400ms (cache hit)
npm http fetch GET 200 https://registry.npmjs.org/@esbuild%2ffreebsd-arm64 399ms (cache hit)
npm http fetch GET 200 https://registry.npmjs.org/@esbuild%2fdarwin-x64 399ms (cache hit)
npm http fetch GET 200 https://registry.npmjs.org/@esbuild%2flinux-arm 396ms (cache hit)
npm http fetch GET 200 https://registry.npmjs.org/@esbuild%2fandroid-x64 401ms (cache hit)
npm http fetch GET 200 https://registry.npmjs.org/@esbuild%2flinux-ia32 396ms (cache hit)
npm http fetch GET 200 https://registry.npmjs.org/@esbuild%2ffreebsd-x64 401ms (cache hit)
npm http fetch GET 200 https://registry.npmjs.org/@esbuild%2flinux-riscv64 395ms (cache hit)
npm http fetch GET 200 https://registry.npmjs.org/@esbuild%2flinux-arm64 397ms (cache hit)
npm http fetch GET 200 https://registry.npmjs.org/@esbuild%2flinux-s390x 396ms (cache hit)
npm http fetch GET 200 https://registry.npmjs.org/@esbuild%2flinux-mips64el 397ms (cache hit)
npm http fetch GET 200 https://registry.npmjs.org/@esbuild%2fopenbsd-x64 395ms (cache hit)
npm http fetch GET 200 https://registry.npmjs.org/@esbuild%2flinux-x64 397ms (cache hit)
npm http fetch GET 200 https://registry.npmjs.org/@esbuild%2fnetbsd-x64 396ms (cache hit)
npm http fetch GET 200 https://registry.npmjs.org/@esbuild%2fsunos-x64 396ms (cache hit)
npm http fetch GET 200 https://registry.npmjs.org/@esbuild%2flinux-loong64 400ms (cache hit)
npm http fetch GET 200 https://registry.npmjs.org/@esbuild%2flinux-ppc64 400ms (cache hit)
npm http fetch GET 200 https://registry.npmjs.org/@esbuild%2fwin32-arm64 397ms (cache hit)
npm http fetch GET 200 https://registry.npmjs.org/xml 393ms (cache hit)
npm http fetch GET 200 https://registry.npmjs.org/@esbuild%2fwin32-ia32 398ms (cache hit)
npm http fetch GET 200 https://registry.npmjs.org/mkdirp 394ms (cache hit)
npm http fetch GET 200 https://registry.npmjs.org/json-stringify-safe 392ms (cache hit)
npm http fetch GET 200 https://registry.npmjs.org/@esbuild%2fwin32-x64 398ms (cache hit)
npm http fetch GET 200 https://registry.npmjs.org/diff 393ms (cache hit)
npm http fetch GET 200 https://registry.npmjs.org/lodash.isempty 392ms (cache hit)
npm http fetch GET 200 https://registry.npmjs.org/lodash.isfunction 393ms (cache hit)
npm http fetch GET 200 https://registry.npmjs.org/lodash.isstring 392ms (cache hit)
npm http fetch GET 200 https://registry.npmjs.org/lodash.isobject 393ms (cache hit)
npm http fetch GET 200 https://registry.npmjs.org/fs-extra 391ms (cache hit)
npm http fetch GET 200 https://registry.npmjs.org/uuid 392ms (cache hit)
npm http fetch GET 200 https://registry.npmjs.org/find 392ms (cache hit)
npm http fetch GET 200 https://registry.npmjs.org/jsonfile 391ms (cache hit)
npm http fetch GET 200 https://registry.npmjs.org/mochawesome-report-generator 395ms (cache hit)
npm http fetch GET 200 https://registry.npmjs.org/md5 401ms (cache hit)
npm http fetch GET 200 https://registry.npmjs.org/luxon 394ms (cache hit)
npm http fetch GET 200 https://registry.npmjs.org/open 392ms (cache hit)
npm http fetch GET 200 https://registry.npmjs.org/strip-ansi 407ms (cache hit)
npm http fetch GET 200 https://registry.npmjs.org/playwright-core 406ms (cache hit)
npm http fetch GET 200 https://registry.npmjs.org/capital-case 134ms (cache hit)
npm http fetch GET 200 https://registry.npmjs.org/@babel%2fparser 145ms (cache hit)
npm http fetch GET 200 https://registry.npmjs.org/assertion-error-formatter 138ms (cache hit)
npm http fetch GET 200 https://registry.npmjs.org/node-hook 146ms (cache hit)
npm http fetch GET 200 https://registry.npmjs.org/minimatch 147ms (cache hit)
npm http fetch GET 200 https://registry.npmjs.org/@cucumber%2fgherkin-streams 145ms (cache hit)
npm http fetch GET 200 https://registry.npmjs.org/is-stream 137ms (cache hit)
npm http fetch GET 200 https://registry.npmjs.org/@cucumber%2fci-environment 148ms (cache hit)
npm http fetch GET 200 https://registry.npmjs.org/@cucumber%2fgherkin-utils 146ms (cache hit)
npm http fetch GET 200 https://registry.npmjs.org/has-ansi 140ms (cache hit)
npm http fetch GET 200 https://registry.npmjs.org/indent-string 140ms (cache hit)
npm http fetch GET 200 https://registry.npmjs.org/knuth-shuffle-seeded 139ms (cache hit)
npm http fetch GET 200 https://registry.npmjs.org/mz 137ms (cache hit)
npm http fetch GET 200 https://registry.npmjs.org/lodash.mergewith 139ms (cache hit)
npm http fetch GET 200 https://registry.npmjs.org/lodash.merge 139ms (cache hit)
npm http fetch GET 200 https://registry.npmjs.org/verror 135ms (cache hit)
npm http fetch GET 200 https://registry.npmjs.org/@types%2fuuid 128ms (cache hit)
npm http fetch GET 200 https://registry.npmjs.org/progress 138ms (cache hit)
npm http fetch GET 200 https://registry.npmjs.org/string-argv 138ms (cache hit)
npm http fetch GET 200 https://registry.npmjs.org/util-arity 137ms (cache hit)
npm http fetch GET 200 https://registry.npmjs.org/yaml 135ms (cache hit)
npm http fetch GET 200 https://registry.npmjs.org/xmlbuilder 138ms (cache hit)
npm http fetch GET 200 https://registry.npmjs.org/regexp-match-indices 136ms (cache hit)
npm http fetch GET 200 https://registry.npmjs.org/reflect-metadata 131ms (cache hit)
npm http fetch GET 200 https://registry.npmjs.org/yup 139ms (cache hit)
npm http fetch GET 200 https://registry.npmjs.org/resolve-pkg 145ms (cache hit)
npm http fetch GET 200 https://registry.npmjs.org/class-transformer 135ms (cache hit)
npm http fetch GET 200 https://registry.npmjs.org/ts-dedent 134ms (cache hit)
npm http fetch GET 200 https://registry.npmjs.org/ansi-styles 135ms (cache hit)
npm http fetch GET 200 https://registry.npmjs.org/colors 130ms (cache hit)
npm http fetch GET 200 https://registry.npmjs.org/ansi-styles 133ms (cache hit)
npm http fetch GET 200 https://registry.npmjs.org/path-type 129ms (cache hit)
npm http fetch GET 200 https://registry.npmjs.org/parse-json 129ms (cache hit)
npm http fetch GET 200 https://registry.npmjs.org/path-scurry 121ms (cache hit)
npm http fetch GET 200 https://registry.npmjs.org/stackframe 129ms (cache hit)
npm http fetch GET 200 https://registry.npmjs.org/minimatch 123ms (cache hit)
npm http fetch GET 200 https://registry.npmjs.org/import-fresh 133ms (cache hit)
npm http fetch GET 200 https://registry.npmjs.org/js-yaml 134ms (cache hit)
npm http fetch GET 200 https://registry.npmjs.org/ansi-colors 123ms (cache hit)
npm http fetch GET 200 https://registry.npmjs.org/jackspeak 127ms (cache hit)
npm http fetch GET 200 https://registry.npmjs.org/minipass 127ms (cache hit)
npm http fetch GET 200 https://registry.npmjs.org/ms 136ms (cache hit)
npm http fetch GET 200 https://registry.npmjs.org/browser-stdout 126ms (cache hit)
npm http fetch GET 200 https://registry.npmjs.org/foreground-child 130ms (cache hit)
npm http fetch GET 200 https://registry.npmjs.org/escape-string-regexp 126ms (cache hit)
npm http fetch GET 200 https://registry.npmjs.org/find-up 126ms (cache hit)
npm http fetch GET 200 https://registry.npmjs.org/js-yaml 126ms (cache hit)
npm http fetch GET 200 https://registry.npmjs.org/he 126ms (cache hit)
npm http fetch GET 200 https://registry.npmjs.org/serialize-javascript 125ms (cache hit)
npm http fetch GET 200 https://registry.npmjs.org/minimatch 127ms (cache hit)
npm http fetch GET 200 https://registry.npmjs.org/nanoid 128ms (cache hit)
npm http fetch GET 200 https://registry.npmjs.org/ms 129ms (cache hit)
npm http fetch GET 200 https://registry.npmjs.org/strip-json-comments 127ms (cache hit)
npm http fetch GET 200 https://registry.npmjs.org/workerpool 126ms (cache hit)
npm http fetch GET 200 https://registry.npmjs.org/yargs-unparser 126ms (cache hit)
npm http fetch GET 200 https://registry.npmjs.org/yargs-parser 127ms (cache hit)
npm http fetch GET 200 https://registry.npmjs.org/esbuild-android-64 52ms (cache hit)
npm http fetch GET 200 https://registry.npmjs.org/esbuild-darwin-arm64 51ms (cache hit)
npm http fetch GET 200 https://registry.npmjs.org/esbuild-darwin-64 54ms (cache hit)
npm http fetch GET 200 https://registry.npmjs.org/esbuild-android-arm64 57ms (cache hit)
npm http fetch GET 200 https://registry.npmjs.org/esbuild-freebsd-64 57ms (cache hit)
npm http fetch GET 200 https://registry.npmjs.org/esbuild-freebsd-arm64 58ms (cache hit)
npm http fetch GET 200 https://registry.npmjs.org/esbuild-linux-riscv64 57ms (cache hit)
npm http fetch GET 200 https://registry.npmjs.org/esbuild-sunos-64 53ms (cache hit)
npm http fetch GET 200 https://registry.npmjs.org/esbuild-linux-32 61ms (cache hit)
npm http fetch GET 200 https://registry.npmjs.org/esbuild-linux-64 63ms (cache hit)
npm http fetch GET 200 https://registry.npmjs.org/esbuild-linux-arm64 65ms (cache hit)
npm http fetch GET 200 https://registry.npmjs.org/esbuild-linux-s390x 67ms (cache hit)
npm http fetch GET 200 https://registry.npmjs.org/esbuild-openbsd-64 67ms (cache hit)
npm http fetch GET 200 https://registry.npmjs.org/esbuild-netbsd-64 69ms (cache hit)
npm http fetch GET 200 https://registry.npmjs.org/esbuild-linux-arm 72ms (cache hit)
npm http fetch GET 200 https://registry.npmjs.org/inflight 65ms (cache hit)
npm http fetch GET 200 https://registry.npmjs.org/esbuild-linux-ppc64le 73ms (cache hit)
npm http fetch GET 200 https://registry.npmjs.org/once 66ms (cache hit)
npm http fetch GET 200 https://registry.npmjs.org/esbuild-windows-arm64 70ms (cache hit)
npm http fetch GET 200 https://registry.npmjs.org/esbuild-windows-32 72ms (cache hit)
npm http fetch GET 200 https://registry.npmjs.org/esbuild-windows-64 73ms (cache hit)
npm http fetch GET 200 https://registry.npmjs.org/esbuild-linux-mips64le 82ms (cache hit)
npm http fetch GET 200 https://registry.npmjs.org/inherits 75ms (cache hit)
npm http fetch GET 200 https://registry.npmjs.org/fs.realpath 77ms (cache hit)
npm http fetch GET 200 https://registry.npmjs.org/path-is-absolute 79ms (cache hit)
npm http fetch GET 200 https://registry.npmjs.org/brace-expansion 78ms (cache hit)
npm http fetch GET 200 https://registry.npmjs.org/pad-right 66ms (cache hit)
npm http fetch GET 200 https://registry.npmjs.org/no-case 66ms (cache hit)
npm http fetch GET 200 https://registry.npmjs.org/source-map-support 69ms (cache hit)
npm http fetch GET 200 https://registry.npmjs.org/@teppeis%2fmultimaps 71ms (cache hit)
npm http fetch GET 200 https://registry.npmjs.org/repeat-string 68ms (cache hit)
npm http fetch GET 200 https://registry.npmjs.org/string-width 66ms (cache hit)
npm http fetch GET 200 https://registry.npmjs.org/upper-case-first 67ms (cache hit)
npm http fetch GET 200 https://registry.npmjs.org/@colors%2fcolors 65ms (cache hit)
npm http fetch GET 200 https://registry.npmjs.org/ansi-regex 63ms (cache hit)
npm http fetch GET 200 https://registry.npmjs.org/global-dirs 61ms (cache hit)
npm http fetch GET 200 https://registry.npmjs.org/seed-random 60ms (cache hit)
npm http fetch GET 200 https://registry.npmjs.org/tslib 68ms (cache hit)
npm http fetch GET 200 https://registry.npmjs.org/resolve-from 55ms (cache hit)
npm http fetch GET 200 https://registry.npmjs.org/object-assign 58ms (cache hit)
npm http fetch GET 200 https://registry.npmjs.org/any-promise 59ms (cache hit)
npm http fetch GET 200 https://registry.npmjs.org/has-flag 50ms (cache hit)
npm http fetch GET 200 https://registry.npmjs.org/thenify-all 59ms (cache hit)
npm http fetch GET 200 https://registry.npmjs.org/ansi-regex 54ms (cache hit)
npm http fetch GET 200 https://registry.npmjs.org/assert-plus 48ms (cache hit)
npm http fetch GET 200 https://registry.npmjs.org/core-util-is 49ms (cache hit)
npm http fetch GET 200 https://registry.npmjs.org/extsprintf 48ms (cache hit)
npm http fetch GET 200 https://registry.npmjs.org/lru-cache 56ms (cache hit)
npm http fetch GET 200 https://registry.npmjs.org/property-expr 49ms (cache hit)
npm http fetch GET 200 https://registry.npmjs.org/tiny-case 48ms (cache hit)
npm http fetch GET 200 https://registry.npmjs.org/rimraf 53ms (cache hit)
npm http fetch GET 200 https://registry.npmjs.org/toposort 50ms (cache hit)
npm http fetch GET 200 https://registry.npmjs.org/type-fest 49ms (cache hit)
npm http fetch GET 200 https://registry.npmjs.org/source-map-support 85ms (cache hit)
npm http fetch GET 200 https://registry.npmjs.org/regexp-tree 4ms (cache hit)
npm http fetch GET 200 https://registry.npmjs.org/buffer-from 5ms (cache hit)
npm http fetch GET 200 https://registry.npmjs.org/@types%2faria-query 17ms (cache hit)
npm http fetch GET 200 https://registry.npmjs.org/@babel%2fcode-frame 20ms (cache hit)
npm http fetch GET 200 https://registry.npmjs.org/lz-string 19ms (cache hit)
npm http fetch GET 200 https://registry.npmjs.org/regenerator-runtime 24ms (cache hit)
npm http fetch GET 200 https://registry.npmjs.org/aria-query 22ms (cache hit)
npm http fetch GET 200 https://registry.npmjs.org/dom-accessibility-api 22ms (cache hit)
npm http fetch GET 200 https://registry.npmjs.org/pretty-format 22ms (cache hit)
npm http fetch GET 200 https://registry.npmjs.org/deep-equal 9ms (cache hit)
npm http fetch GET 200 https://registry.npmjs.org/react-is 11ms (cache hit)
npm http fetch GET 200 https://registry.npmjs.org/@babel%2fhighlight 27ms (cache hit)
npm http fetch GET 200 https://registry.npmjs.org/@babel%2fhelper-validator-identifier 7ms (cache hit)
npm http fetch GET 200 https://registry.npmjs.org/js-tokens 7ms (cache hit)
npm http fetch GET 200 https://registry.npmjs.org/call-bind 43ms (cache hit)
npm http fetch GET 200 https://registry.npmjs.org/es-get-iterator 43ms (cache hit)
npm http fetch GET 200 https://registry.npmjs.org/is-regex 39ms (cache hit)
npm http fetch GET 200 https://registry.npmjs.org/get-intrinsic 42ms (cache hit)
npm http fetch GET 200 https://registry.npmjs.org/is-date-object 41ms (cache hit)
npm http fetch GET 200 https://registry.npmjs.org/array-buffer-byte-length 46ms (cache hit)
npm http fetch GET 200 https://registry.npmjs.org/is-arguments 42ms (cache hit)
npm http fetch GET 200 https://registry.npmjs.org/isarray 40ms (cache hit)
npm http fetch GET 200 https://registry.npmjs.org/object-is 39ms (cache hit)
npm http fetch GET 200 https://registry.npmjs.org/is-array-buffer 43ms (cache hit)
npm http fetch GET 200 https://registry.npmjs.org/is-shared-array-buffer 40ms (cache hit)
npm http fetch GET 200 https://registry.npmjs.org/object-keys 39ms (cache hit)
npm http fetch GET 200 https://registry.npmjs.org/object.assign 38ms (cache hit)
npm http fetch GET 200 https://registry.npmjs.org/side-channel 38ms (cache hit)
npm http fetch GET 200 https://registry.npmjs.org/regexp.prototype.flags 38ms (cache hit)
npm http fetch GET 200 https://registry.npmjs.org/which-collection 40ms (cache hit)
npm http fetch GET 200 https://registry.npmjs.org/which-typed-array 40ms (cache hit)
npm http fetch GET 200 https://registry.npmjs.org/which-boxed-primitive 42ms (cache hit)
npm http fetch GET 200 https://registry.npmjs.org/archiver-utils 183ms (cache hit)
npm http fetch GET 200 https://registry.npmjs.org/buffer-crc32 183ms (cache hit)
npm http fetch GET 200 https://registry.npmjs.org/is-running 180ms (cache hit)
npm http fetch GET 200 https://registry.npmjs.org/readdir-glob 182ms (cache hit)
npm http fetch GET 200 https://registry.npmjs.org/readable-stream 184ms (cache hit)
npm http fetch GET 200 https://registry.npmjs.org/zip-stream 184ms (cache hit)
npm http fetch GET 200 https://registry.npmjs.org/https-proxy-agent 184ms (cache hit)
npm http fetch GET 200 https://registry.npmjs.org/temp-fs 183ms (cache hit)
npm http fetch GET 200 https://registry.npmjs.org/decompress-tar 182ms (cache hit)
npm http fetch GET 200 https://registry.npmjs.org/make-dir 180ms (cache hit)
npm http fetch GET 200 https://registry.npmjs.org/tar-stream 188ms (cache hit)
npm http fetch GET 200 https://registry.npmjs.org/agent-base 185ms (cache hit)
npm http fetch GET 200 https://registry.npmjs.org/ps-tree 187ms (cache hit)
npm http fetch GET 200 https://registry.npmjs.org/decompress-tarbz2 185ms (cache hit)
npm http fetch GET 200 https://registry.npmjs.org/pify 183ms (cache hit)
npm http fetch GET 200 https://registry.npmjs.org/decompress-unzip 185ms (cache hit)
npm http fetch GET 200 https://registry.npmjs.org/decompress-targz 186ms (cache hit)
npm http fetch GET 200 https://registry.npmjs.org/graceful-fs 185ms (cache hit)
npm http fetch GET 200 https://registry.npmjs.org/universalify 184ms (cache hit)
npm http fetch GET 200 https://registry.npmjs.org/graceful-fs 184ms (cache hit)
npm http fetch GET 200 https://registry.npmjs.org/strip-dirs 185ms (cache hit)
npm http fetch GET 200 https://registry.npmjs.org/event-pubsub 181ms (cache hit)
npm http fetch GET 200 https://registry.npmjs.org/aws-sign2 179ms (cache hit)
npm http fetch GET 200 https://registry.npmjs.org/caseless 178ms (cache hit)
npm http fetch GET 200 https://registry.npmjs.org/ini 184ms (cache hit)
npm http fetch GET 200 https://registry.npmjs.org/js-message 181ms (cache hit)
npm http fetch GET 200 https://registry.npmjs.org/aws4 180ms (cache hit)
npm http fetch GET 200 https://registry.npmjs.org/js-queue 182ms (cache hit)
npm http fetch GET 200 https://registry.npmjs.org/har-validator 175ms (cache hit)
npm http fetch GET 200 https://registry.npmjs.org/form-data 176ms (cache hit)
npm http fetch GET 200 https://registry.npmjs.org/forever-agent 177ms (cache hit)
npm http fetch GET 200 https://registry.npmjs.org/extend 178ms (cache hit)
npm http fetch GET 200 https://registry.npmjs.org/combined-stream 179ms (cache hit)
npm http fetch GET 200 https://registry.npmjs.org/http-signature 177ms (cache hit)
npm http fetch GET 200 https://registry.npmjs.org/oauth-sign 175ms (cache hit)
npm http fetch GET 200 https://registry.npmjs.org/safe-buffer 174ms (cache hit)
npm http fetch GET 200 https://registry.npmjs.org/isstream 177ms (cache hit)
npm http fetch GET 200 https://registry.npmjs.org/mime-types 176ms (cache hit)
npm http fetch GET 200 https://registry.npmjs.org/is-typedarray 178ms (cache hit)
npm http fetch GET 200 https://registry.npmjs.org/tough-cookie 175ms (cache hit)
npm http fetch GET 200 https://registry.npmjs.org/performance-now 177ms (cache hit)
npm http fetch GET 200 https://registry.npmjs.org/extend 174ms (cache hit)
npm http fetch GET 200 https://registry.npmjs.org/qs 176ms (cache hit)
npm http fetch GET 200 https://registry.npmjs.org/tunnel-agent 177ms (cache hit)
npm http fetch GET 200 https://registry.npmjs.org/boxen 173ms (cache hit)
npm http fetch GET 200 https://registry.npmjs.org/slice-ansi 175ms (cache hit)
npm http fetch GET 200 https://registry.npmjs.org/has-yarn 173ms (cache hit)
npm http fetch GET 200 https://registry.npmjs.org/import-lazy 173ms (cache hit)
npm http fetch GET 200 https://registry.npmjs.org/is-npm 173ms (cache hit)
npm http fetch GET 200 https://registry.npmjs.org/configstore 175ms (cache hit)
npm http fetch GET 200 https://registry.npmjs.org/pupa 172ms (cache hit)
npm http fetch GET 200 https://registry.npmjs.org/semver-diff 172ms (cache hit)
npm http fetch GET 200 https://registry.npmjs.org/is-yarn-global 173ms (cache hit)
npm http fetch GET 200 https://registry.npmjs.org/latest-version 174ms (cache hit)
npm http fetch GET 200 https://registry.npmjs.org/ajv 179ms (cache hit)
npm http fetch GET 200 https://registry.npmjs.org/eyes 170ms (cache hit)
npm http fetch GET 200 https://registry.npmjs.org/xdg-basedir 177ms (cache hit)
npm http fetch GET 200 https://registry.npmjs.org/stack-trace 169ms (cache hit)
npm http fetch GET 200 https://registry.npmjs.org/cliui 169ms (cache hit)
npm http fetch GET 200 https://registry.npmjs.org/cycle 173ms (cache hit)
npm http fetch GET 200 https://registry.npmjs.org/set-blocking 168ms (cache hit)
npm http fetch GET 200 https://registry.npmjs.org/isstream 172ms (cache hit)
npm http fetch GET 200 https://registry.npmjs.org/require-directory 169ms (cache hit)
npm http fetch GET 200 https://registry.npmjs.org/decamelize 171ms (cache hit)
npm http fetch GET 200 https://registry.npmjs.org/get-caller-file 170ms (cache hit)
npm http fetch GET 200 https://registry.npmjs.org/require-main-filename 171ms (cache hit)
npm http fetch GET 200 https://registry.npmjs.org/y18n 169ms (cache hit)
npm http fetch GET 200 https://registry.npmjs.org/which-module 170ms (cache hit)
npm http fetch GET 200 https://registry.npmjs.org/lodash.isplainobject 28ms (cache hit)
npm http fetch GET 200 https://registry.npmjs.org/lodash.defaults 33ms (cache hit)
npm http fetch GET 200 https://registry.npmjs.org/lodash.union 28ms (cache hit)
npm http fetch GET 200 https://registry.npmjs.org/lodash.flatten 36ms (cache hit)
npm http fetch GET 200 https://registry.npmjs.org/string_decoder 31ms (cache hit)
npm http fetch GET 200 https://registry.npmjs.org/lazystream 38ms (cache hit)
npm http fetch GET 200 https://registry.npmjs.org/normalize-path 34ms (cache hit)
npm http fetch GET 200 https://registry.npmjs.org/util-deprecate 33ms (cache hit)
npm http fetch GET 200 https://registry.npmjs.org/lodash.difference 39ms (cache hit)
npm http fetch GET 200 https://registry.npmjs.org/bl 33ms (cache hit)
npm http fetch GET 200 https://registry.npmjs.org/fs-constants 32ms (cache hit)
npm http fetch GET 200 https://registry.npmjs.org/end-of-stream 33ms (cache hit)
npm http fetch GET 200 https://registry.npmjs.org/compress-commons 31ms (cache hit)
npm http fetch GET 200 https://registry.npmjs.org/process-nextick-args 7ms (cache hit)
npm http fetch GET 200 https://registry.npmjs.org/event-stream 6ms (cache hit)
npm http fetch GET 200 https://registry.npmjs.org/lower-case 6ms (cache hit)
npm http fetch GET 200 https://registry.npmjs.org/color-convert 6ms (cache hit)
npm http fetch GET 200 https://registry.npmjs.org/is-fullwidth-code-point 7ms (cache hit)
npm http fetch GET 200 https://registry.npmjs.org/emoji-regex 8ms (cache hit)
npm http fetch GET 200 https://registry.npmjs.org/parent-module 13ms (cache hit)
npm http fetch GET 200 https://registry.npmjs.org/argparse 13ms (cache hit)
npm http fetch GET 200 https://registry.npmjs.org/error-ex 13ms (cache hit)
npm http fetch GET 200 https://registry.npmjs.org/json-parse-even-better-errors 12ms (cache hit)
npm http fetch GET 200 https://registry.npmjs.org/lines-and-columns 12ms (cache hit)
npm http fetch GET 200 https://registry.npmjs.org/cross-spawn 60ms (cache hit)
npm http fetch GET 200 https://registry.npmjs.org/restore-cursor 64ms (cache hit)
npm http fetch GET 200 https://registry.npmjs.org/ieee754 65ms (cache hit)
npm http fetch GET 200 https://registry.npmjs.org/lodash.once 70ms (cache hit)
npm http fetch GET 200 https://registry.npmjs.org/human-signals 58ms (cache hit)
npm http fetch GET 200 https://registry.npmjs.org/get-stream 61ms (cache hit)
npm http fetch GET 200 https://registry.npmjs.org/onetime 58ms (cache hit)
npm http fetch GET 200 https://registry.npmjs.org/signal-exit 57ms (cache hit)
npm http fetch GET 200 https://registry.npmjs.org/strip-final-newline 57ms (cache hit)
npm http fetch GET 200 https://registry.npmjs.org/get-stream 57ms (cache hit)
npm http fetch GET 200 https://registry.npmjs.org/npm-run-path 59ms (cache hit)
npm http fetch GET 200 https://registry.npmjs.org/merge-stream 60ms (cache hit)
npm http fetch GET 200 https://registry.npmjs.org/at-least-node 56ms (cache hit)
npm http fetch GET 200 https://registry.npmjs.org/ci-info 54ms (cache hit)
npm http fetch GET 200 https://registry.npmjs.org/cli-truncate 53ms (cache hit)
npm http fetch GET 200 https://registry.npmjs.org/@types%2fyauzl 58ms (cache hit)
npm http fetch GET 200 https://registry.npmjs.org/log-update 52ms (cache hit)
npm http fetch GET 200 https://registry.npmjs.org/colorette 53ms (cache hit)
npm http fetch GET 200 https://registry.npmjs.org/rxjs 52ms (cache hit)
npm http fetch GET 200 https://registry.npmjs.org/is-unicode-supported 52ms (cache hit)
npm http fetch GET 200 https://registry.npmjs.org/p-map 58ms (cache hit)
npm http fetch GET 200 https://registry.npmjs.org/rfdc 58ms (cache hit)
npm http fetch GET 200 https://registry.npmjs.org/wrap-ansi 56ms (cache hit)
npm http fetch GET 200 https://registry.npmjs.org/fd-slicer 50ms (cache hit)
npm http fetch GET 200 https://registry.npmjs.org/throttleit 51ms (cache hit)
npm http fetch GET 200 https://registry.npmjs.org/psl 21ms (cache hit)
npm http fetch GET 200 https://registry.npmjs.org/delayed-stream 32ms (cache hit)
npm http fetch GET 200 https://registry.npmjs.org/jsprim 28ms (cache hit)
npm http fetch GET 200 https://registry.npmjs.org/asynckit 31ms (cache hit)
npm http fetch GET 200 https://registry.npmjs.org/mime-db 26ms (cache hit)
npm http fetch GET 200 https://registry.npmjs.org/punycode 24ms (cache hit)
npm http fetch GET 200 https://registry.npmjs.org/sshpk 30ms (cache hit)
npm http fetch GET 200 https://registry.npmjs.org/url-parse 24ms (cache hit)
npm http fetch GET 200 https://registry.npmjs.org/babel-plugin-add-module-exports 98ms (cache hit)
npm http fetch GET 200 https://registry.npmjs.org/@babel%2fplugin-transform-runtime 101ms (cache hit)
npm http fetch GET 200 https://registry.npmjs.org/@babel%2fpreset-react 101ms (cache hit)
npm http fetch GET 200 https://registry.npmjs.org/@babel%2fplugin-proposal-object-rest-spread 103ms (cache hit)
npm http fetch GET 200 https://registry.npmjs.org/@babel%2fplugin-proposal-class-properties 105ms (cache hit)
npm http fetch GET 200 https://registry.npmjs.org/@babel%2fcore 106ms (cache hit)
npm http fetch GET 200 https://registry.npmjs.org/assertion-error 100ms (cache hit)
npm http fetch GET 200 https://registry.npmjs.org/coffeescript 105ms (cache hit)
npm http fetch GET 200 https://registry.npmjs.org/babelify 108ms (cache hit)
npm http fetch GET 200 https://registry.npmjs.org/lodash.clonedeep 107ms (cache hit)
npm http fetch GET 200 https://registry.npmjs.org/coffeeify 108ms (cache hit)
npm http fetch GET 200 https://registry.npmjs.org/deep-eql 100ms (cache hit)
npm http fetch GET 200 https://registry.npmjs.org/through2 107ms (cache hit)
npm http fetch GET 200 https://registry.npmjs.org/watchify 107ms (cache hit)
npm http fetch GET 200 https://registry.npmjs.org/loupe 101ms (cache hit)
npm http fetch GET 200 https://registry.npmjs.org/get-func-name 102ms (cache hit)
npm http fetch GET 200 https://registry.npmjs.org/pathval 101ms (cache hit)
npm http fetch GET 200 https://registry.npmjs.org/braces 97ms (cache hit)
npm http fetch GET 200 https://registry.npmjs.org/type-detect 102ms (cache hit)
npm http fetch GET 200 https://registry.npmjs.org/glob-parent 97ms (cache hit)
npm http fetch GET 200 https://registry.npmjs.org/check-error 105ms (cache hit)
npm http fetch GET 200 https://registry.npmjs.org/anymatch 102ms (cache hit)
npm http fetch GET 200 https://registry.npmjs.org/is-binary-path 97ms (cache hit)
npm http fetch GET 200 https://registry.npmjs.org/is-glob 97ms (cache hit)
npm http fetch GET 200 https://registry.npmjs.org/browserify 114ms (cache hit)
npm http fetch GET 200 https://registry.npmjs.org/@babel%2fpreset-env 124ms (cache hit)
npm http fetch GET 200 https://registry.npmjs.org/is-directory 108ms (cache hit)
npm http fetch GET 200 https://registry.npmjs.org/serialize-error 102ms (cache hit)
npm http fetch GET 200 https://registry.npmjs.org/is-generator 104ms (cache hit)
npm http fetch GET 200 https://registry.npmjs.org/fsevents 114ms (cache hit)
npm http fetch GET 200 https://registry.npmjs.org/readdirp 114ms (cache hit)
npm http fetch GET 200 https://registry.npmjs.org/stack-chain 104ms (cache hit)
npm http fetch GET 200 https://registry.npmjs.org/require-from-string 113ms (cache hit)
npm http fetch GET 200 https://registry.npmjs.org/babel-runtime 109ms (cache hit)
npm http fetch GET 200 https://registry.npmjs.org/stacktrace-js 104ms (cache hit)
npm http fetch GET 200 https://registry.npmjs.org/resolve 107ms (cache hit)
npm http fetch GET 200 https://registry.npmjs.org/duration 110ms (cache hit)
npm http fetch GET 200 https://registry.npmjs.org/title-case 105ms (cache hit)
npm http fetch GET 200 https://registry.npmjs.org/becke-ch--regex--s0-0-v1--base--pl--lib 105ms (cache hit)
npm http fetch GET 200 https://registry.npmjs.org/@ampproject%2fremapping 305ms (cache hit)
npm http fetch GET 200 https://registry.npmjs.org/@babel%2fhelper-compilation-targets 305ms (cache hit)
npm http fetch GET 200 https://registry.npmjs.org/@babel%2ftemplate 304ms (cache hit)
npm http fetch GET 200 https://registry.npmjs.org/@babel%2fgenerator 307ms (cache hit)
npm http fetch GET 200 https://registry.npmjs.org/@babel%2fhelpers 307ms (cache hit)
npm http fetch GET 200 https://registry.npmjs.org/convert-source-map 307ms (cache hit)
npm http fetch GET 200 https://registry.npmjs.org/gensync 306ms (cache hit)
npm http fetch GET 200 https://registry.npmjs.org/@babel%2fhelper-module-transforms 310ms (cache hit)
npm http fetch GET 200 https://registry.npmjs.org/@babel%2ftraverse 310ms (cache hit)
npm http fetch GET 200 https://registry.npmjs.org/@babel%2ftypes 310ms (cache hit)
npm http fetch GET 200 https://registry.npmjs.org/@babel%2fhelper-plugin-utils 308ms (cache hit)
npm http fetch GET 200 https://registry.npmjs.org/json5 311ms (cache hit)
npm http fetch GET 200 https://registry.npmjs.org/@babel%2fhelper-plugin-utils 306ms (cache hit)
npm http fetch GET 200 https://registry.npmjs.org/@babel%2fhelper-compilation-targets 308ms (cache hit)
npm http fetch GET 200 https://registry.npmjs.org/@babel%2fcompat-data 309ms (cache hit)
npm http fetch GET 200 https://registry.npmjs.org/@babel%2fplugin-syntax-object-rest-spread 308ms (cache hit)
npm http fetch GET 200 https://registry.npmjs.org/@babel%2fplugin-bugfix-safari-id-destructuring-collision-in-function-expression 297ms (cache hit)
npm http fetch GET 200 https://registry.npmjs.org/babel-plugin-polyfill-corejs2 305ms (cache hit)
npm http fetch GET 200 https://registry.npmjs.org/@babel%2fplugin-transform-parameters 309ms (cache hit)
npm http fetch GET 200 https://registry.npmjs.org/@babel%2fhelper-module-imports 308ms (cache hit)
npm http fetch GET 200 https://registry.npmjs.org/@babel%2fhelper-plugin-utils 308ms (cache hit)
npm http fetch GET 200 https://registry.npmjs.org/@babel%2fplugin-bugfix-v8-spread-parameters-in-optional-chaining 299ms (cache hit)
npm http fetch GET 200 https://registry.npmjs.org/babel-plugin-polyfill-regenerator 306ms (cache hit)
npm http fetch GET 200 https://registry.npmjs.org/@babel%2fplugin-proposal-private-property-in-object 299ms (cache hit)
npm http fetch GET 200 https://registry.npmjs.org/@babel%2fcompat-data 301ms (cache hit)
npm http fetch GET 200 https://registry.npmjs.org/babel-plugin-polyfill-corejs3 308ms (cache hit)
npm http fetch GET 200 https://registry.npmjs.org/@babel%2fhelper-validator-option 303ms (cache hit)
npm http fetch GET 200 https://registry.npmjs.org/@babel%2fplugin-syntax-async-generators 300ms (cache hit)
npm http fetch GET 200 https://registry.npmjs.org/@babel%2fplugin-syntax-class-static-block 299ms (cache hit)
npm http fetch GET 200 https://registry.npmjs.org/@babel%2fplugin-syntax-class-properties 301ms (cache hit)
npm http fetch GET 200 https://registry.npmjs.org/@babel%2fplugin-syntax-export-namespace-from 300ms (cache hit)
npm http fetch GET 200 https://registry.npmjs.org/@babel%2fplugin-syntax-import-assertions 300ms (cache hit)
npm http fetch GET 200 https://registry.npmjs.org/@babel%2fplugin-syntax-dynamic-import 301ms (cache hit)
npm http fetch GET 200 https://registry.npmjs.org/@babel%2fplugin-syntax-json-strings 299ms (cache hit)
npm http fetch GET 200 https://registry.npmjs.org/@babel%2fplugin-syntax-logical-assignment-operators 300ms (cache hit)
npm http fetch GET 200 https://registry.npmjs.org/@babel%2fplugin-syntax-optional-catch-binding 298ms (cache hit)
npm http fetch GET 200 https://registry.npmjs.org/@babel%2fplugin-syntax-import-attributes 302ms (cache hit)
npm http fetch GET 200 https://registry.npmjs.org/@babel%2fplugin-syntax-private-property-in-object 298ms (cache hit)
npm http fetch GET 200 https://registry.npmjs.org/@babel%2fplugin-syntax-optional-chaining 298ms (cache hit)
npm http fetch GET 200 https://registry.npmjs.org/@babel%2fplugin-syntax-nullish-coalescing-operator 301ms (cache hit)
npm http fetch GET 200 https://registry.npmjs.org/@babel%2fplugin-syntax-numeric-separator 300ms (cache hit)
npm http fetch GET 200 https://registry.npmjs.org/@babel%2fplugin-syntax-top-level-await 298ms (cache hit)
npm http fetch GET 200 https://registry.npmjs.org/@babel%2fplugin-transform-block-scoped-functions 297ms (cache hit)
npm http fetch GET 200 https://registry.npmjs.org/@babel%2fplugin-syntax-import-meta 304ms (cache hit)
npm http fetch GET 200 https://registry.npmjs.org/@babel%2fplugin-syntax-unicode-sets-regex 300ms (cache hit)
npm http fetch GET 200 https://registry.npmjs.org/@babel%2fplugin-transform-async-to-generator 299ms (cache hit)
npm http fetch GET 200 https://registry.npmjs.org/@babel%2fplugin-transform-arrow-functions 301ms (cache hit)
npm http fetch GET 200 https://registry.npmjs.org/@babel%2fplugin-transform-async-generator-functions 300ms (cache hit)
npm http fetch GET 200 https://registry.npmjs.org/@babel%2fplugin-transform-class-static-block 298ms (cache hit)
npm http fetch GET 200 https://registry.npmjs.org/@babel%2fplugin-transform-class-properties 299ms (cache hit)
npm http fetch GET 200 https://registry.npmjs.org/@babel%2fhelper-create-class-features-plugin 326ms (cache hit)
npm http fetch GET 200 https://registry.npmjs.org/@babel%2fplugin-transform-classes 300ms (cache hit)
npm http fetch GET 200 https://registry.npmjs.org/@babel%2fplugin-transform-destructuring 300ms (cache hit)
npm http fetch GET 200 https://registry.npmjs.org/@babel%2fplugin-transform-dynamic-import 297ms (cache hit)
npm http fetch GET 200 https://registry.npmjs.org/@babel%2fplugin-transform-computed-properties 301ms (cache hit)
npm http fetch GET 200 https://registry.npmjs.org/@babel%2fplugin-transform-block-scoping 303ms (cache hit)
npm http fetch GET 200 https://registry.npmjs.org/@babel%2fplugin-transform-json-strings 295ms (cache hit)
npm http fetch GET 200 https://registry.npmjs.org/@babel%2fplugin-transform-export-namespace-from 297ms (cache hit)
npm http fetch GET 200 https://registry.npmjs.org/@babel%2fplugin-transform-function-name 297ms (cache hit)
npm http fetch GET 200 https://registry.npmjs.org/@babel%2fplugin-transform-duplicate-keys 299ms (cache hit)
npm http fetch GET 200 https://registry.npmjs.org/@babel%2fplugin-transform-dotall-regex 303ms (cache hit)
npm http fetch GET 200 https://registry.npmjs.org/@babel%2fplugin-transform-for-of 298ms (cache hit)
npm http fetch GET 200 https://registry.npmjs.org/@babel%2fplugin-transform-literals 298ms (cache hit)
npm http fetch GET 200 https://registry.npmjs.org/@babel%2fplugin-transform-logical-assignment-operators 297ms (cache hit)
npm http fetch GET 200 https://registry.npmjs.org/@babel%2fplugin-transform-exponentiation-operator 301ms (cache hit)
npm http fetch GET 200 https://registry.npmjs.org/@babel%2fplugin-transform-member-expression-literals 298ms (cache hit)
npm http fetch GET 200 https://registry.npmjs.org/@babel%2fplugin-transform-new-target 296ms (cache hit)
npm http fetch GET 200 https://registry.npmjs.org/@babel%2fplugin-transform-object-rest-spread 295ms (cache hit)
npm http fetch GET 200 https://registry.npmjs.org/@babel%2fplugin-transform-modules-amd 300ms (cache hit)
npm http fetch GET 200 https://registry.npmjs.org/@babel%2fplugin-transform-nullish-coalescing-operator 301ms (cache hit)
npm http fetch GET 200 https://registry.npmjs.org/@babel%2fplugin-transform-numeric-separator 300ms (cache hit)
npm http fetch GET 200 https://registry.npmjs.org/@babel%2fplugin-transform-modules-commonjs 304ms (cache hit)
npm http fetch GET 200 https://registry.npmjs.org/@babel%2fplugin-transform-named-capturing-groups-regex 303ms (cache hit)
npm http fetch GET 200 https://registry.npmjs.org/@babel%2fplugin-transform-optional-catch-binding 301ms (cache hit)
npm http fetch GET 200 https://registry.npmjs.org/@babel%2fplugin-transform-modules-umd 304ms (cache hit)
npm http fetch GET 200 https://registry.npmjs.org/@babel%2fplugin-transform-object-super 302ms (cache hit)
npm http fetch GET 200 https://registry.npmjs.org/@babel%2fplugin-transform-optional-chaining 301ms (cache hit)
npm http fetch GET 200 https://registry.npmjs.org/@babel%2fplugin-transform-private-property-in-object 301ms (cache hit)
npm http fetch GET 200 https://registry.npmjs.org/@babel%2fplugin-transform-regenerator 300ms (cache hit)
npm http fetch GET 200 https://registry.npmjs.org/@babel%2fplugin-transform-modules-systemjs 308ms (cache hit)
npm http fetch GET 200 https://registry.npmjs.org/@babel%2fplugin-transform-private-methods 303ms (cache hit)
npm http fetch GET 200 https://registry.npmjs.org/@babel%2fplugin-transform-parameters 304ms (cache hit)
npm http fetch GET 200 https://registry.npmjs.org/@babel%2fplugin-transform-unicode-property-regex 295ms (cache hit)
npm http fetch GET 200 https://registry.npmjs.org/@babel%2fplugin-transform-property-literals 304ms (cache hit)
npm http fetch GET 200 https://registry.npmjs.org/@babel%2fplugin-transform-sticky-regex 302ms (cache hit)
npm http fetch GET 200 https://registry.npmjs.org/@babel%2fplugin-transform-reserved-words 304ms (cache hit)
npm http fetch GET 200 https://registry.npmjs.org/@babel%2fplugin-transform-unicode-escapes 298ms (cache hit)
npm http fetch GET 200 https://registry.npmjs.org/@babel%2fplugin-transform-typeof-symbol 298ms (cache hit)
npm http fetch GET 200 https://registry.npmjs.org/@babel%2fplugin-transform-shorthand-properties 304ms (cache hit)
npm http fetch GET 200 https://registry.npmjs.org/@babel%2fplugin-transform-unicode-sets-regex 298ms (cache hit)
npm http fetch GET 200 https://registry.npmjs.org/@babel%2fplugin-transform-spread 305ms (cache hit)
npm http fetch GET 200 https://registry.npmjs.org/@babel%2fpreset-modules 298ms (cache hit)
npm http fetch GET 200 https://registry.npmjs.org/@babel%2fplugin-transform-template-literals 302ms (cache hit)
npm http fetch GET 200 https://registry.npmjs.org/assert 292ms (cache hit)
npm http fetch GET 200 https://registry.npmjs.org/@babel%2fplugin-transform-react-display-name 298ms (cache hit)
npm http fetch GET 200 https://registry.npmjs.org/browser-pack 292ms (cache hit)
npm http fetch GET 200 https://registry.npmjs.org/@babel%2fplugin-transform-unicode-regex 302ms (cache hit)
npm http fetch GET 200 https://registry.npmjs.org/@babel%2fplugin-transform-react-jsx-development 299ms (cache hit)
npm http fetch GET 200 https://registry.npmjs.org/JSONStream 295ms (cache hit)
npm http fetch GET 200 https://registry.npmjs.org/browserify-zlib 294ms (cache hit)
npm http fetch GET 200 https://registry.npmjs.org/@babel%2fplugin-transform-react-pure-annotations 299ms (cache hit)
npm http fetch GET 200 https://registry.npmjs.org/browser-resolve 296ms (cache hit)
npm http fetch GET 200 https://registry.npmjs.org/cached-path-relative 295ms (cache hit)
npm http fetch GET 200 https://registry.npmjs.org/constants-browserify 294ms (cache hit)
npm http fetch GET 200 https://registry.npmjs.org/@babel%2fplugin-transform-react-jsx 302ms (cache hit)
npm http fetch GET 200 https://registry.npmjs.org/defined 294ms (cache hit)
npm http fetch GET 200 https://registry.npmjs.org/crypto-browserify 294ms (cache hit)
npm http fetch GET 200 https://registry.npmjs.org/has 292ms (cache hit)
npm http fetch GET 200 https://registry.npmjs.org/concat-stream 296ms (cache hit)
npm http fetch GET 200 https://registry.npmjs.org/events 294ms (cache hit)
npm http fetch GET 200 https://registry.npmjs.org/core-js-compat 306ms (cache hit)
npm http fetch GET 200 https://registry.npmjs.org/https-browserify 293ms (cache hit)
npm http fetch GET 200 https://registry.npmjs.org/console-browserify 298ms (cache hit)
npm http fetch GET 200 https://registry.npmjs.org/htmlescape 295ms (cache hit)
npm http fetch GET 200 https://registry.npmjs.org/duplexer2 296ms (cache hit)
npm http fetch GET 200 https://registry.npmjs.org/deps-sort 297ms (cache hit)
npm http fetch GET 200 https://registry.npmjs.org/mkdirp-classic 290ms (cache hit)
npm http fetch GET 200 https://registry.npmjs.org/querystring-es3 287ms (cache hit)
npm http fetch GET 200 https://registry.npmjs.org/labeled-stream-splicer 291ms (cache hit)
npm http fetch GET 200 https://registry.npmjs.org/parents 289ms (cache hit)
npm http fetch GET 200 https://registry.npmjs.org/os-browserify 290ms (cache hit)
npm http fetch GET 200 https://registry.npmjs.org/read-only-stream 288ms (cache hit)
npm http fetch GET 200 https://registry.npmjs.org/insert-module-globals 294ms (cache hit)
npm http fetch GET 200 https://registry.npmjs.org/domain-browser 301ms (cache hit)
npm http fetch GET 200 https://registry.npmjs.org/module-deps 293ms (cache hit)
npm http fetch GET 200 https://registry.npmjs.org/shell-quote 291ms (cache hit)
npm http fetch GET 200 https://registry.npmjs.org/timers-browserify 289ms (cache hit)
npm http fetch GET 200 https://registry.npmjs.org/subarg 290ms (cache hit)
npm http fetch GET 200 https://registry.npmjs.org/syntax-error 290ms (cache hit)
npm http fetch GET 200 https://registry.npmjs.org/shasum 292ms (cache hit)
npm http fetch GET 200 https://registry.npmjs.org/tty-browserify 289ms (cache hit)
npm http fetch GET 200 https://registry.npmjs.org/url 290ms (cache hit)
npm http fetch GET 200 https://registry.npmjs.org/stream-http 292ms (cache hit)
npm http fetch GET 200 https://registry.npmjs.org/util 289ms (cache hit)
npm http fetch GET 200 https://registry.npmjs.org/stream-browserify 293ms (cache hit)
npm http fetch GET 200 https://registry.npmjs.org/vm-browserify 290ms (cache hit)
npm http fetch GET 200 https://registry.npmjs.org/convert-source-map 290ms (cache hit)
npm http fetch GET 200 https://registry.npmjs.org/outpipe 285ms (cache hit)
npm http fetch GET 200 https://registry.npmjs.org/xtend 287ms (cache hit)
npm http fetch GET 200 https://registry.npmjs.org/xtend 292ms (cache hit)
npm http fetch GET 200 https://registry.npmjs.org/xtend 290ms (cache hit)
npm http fetch GET 200 https://registry.npmjs.org/jsesc 33ms (cache hit)
npm http fetch GET 200 https://registry.npmjs.org/@jridgewell%2fgen-mapping 37ms (cache hit)
npm http fetch GET 200 https://registry.npmjs.org/@jridgewell%2ftrace-mapping 36ms (cache hit)
npm http fetch GET 200 https://registry.npmjs.org/@jridgewell%2fgen-mapping 36ms (cache hit)
npm http fetch GET 200 https://registry.npmjs.org/@babel%2fhelper-environment-visitor 32ms (cache hit)
npm http fetch GET 200 https://registry.npmjs.org/@babel%2fhelper-simple-access 33ms (cache hit)
npm http fetch GET 200 https://registry.npmjs.org/@jridgewell%2ftrace-mapping 37ms (cache hit)
npm http fetch GET 200 https://registry.npmjs.org/browserslist 36ms (cache hit)
npm http fetch GET 200 https://registry.npmjs.org/@babel%2fhelper-split-export-declaration 35ms (cache hit)
npm http fetch GET 200 https://registry.npmjs.org/@babel%2fhelper-hoist-variables 32ms (cache hit)
npm http fetch GET 200 https://registry.npmjs.org/@babel%2fhelper-function-name 34ms (cache hit)
npm http fetch GET 200 https://registry.npmjs.org/to-fast-properties 32ms (cache hit)
npm http fetch GET 200 https://registry.npmjs.org/globals 34ms (cache hit)
npm http fetch GET 200 https://registry.npmjs.org/@babel%2fhelper-string-parser 34ms (cache hit)
npm http fetch GET 200 https://registry.npmjs.org/@jridgewell%2fset-array 13ms (cache hit)
npm http fetch GET 200 https://registry.npmjs.org/@jridgewell%2fsourcemap-codec 11ms (cache hit)
npm http fetch GET 200 https://registry.npmjs.org/@jridgewell%2fresolve-uri 12ms (cache hit)
npm http fetch GET 200 https://registry.npmjs.org/@jridgewell%2fsourcemap-codec 13ms (cache hit)
npm http fetch GET 200 https://registry.npmjs.org/caniuse-lite 14ms (cache hit)
npm http fetch GET 200 https://registry.npmjs.org/update-browserslist-db 17ms (cache hit)
npm http fetch GET 200 https://registry.npmjs.org/yallist 17ms (cache hit)
npm http fetch GET 200 https://registry.npmjs.org/node-releases 18ms (cache hit)
npm http fetch GET 200 https://registry.npmjs.org/electron-to-chromium 23ms (cache hit)
npm http fetch GET 200 https://registry.npmjs.org/@babel%2fhelper-annotate-as-pure 15ms (cache hit)
npm http fetch GET 200 https://registry.npmjs.org/@babel%2fhelper-member-expression-to-functions 15ms (cache hit)
npm http fetch GET 200 https://registry.npmjs.org/@babel%2fhelper-replace-supers 16ms (cache hit)
npm http fetch GET 200 https://registry.npmjs.org/@babel%2fhelper-skip-transparent-expression-wrappers 15ms (cache hit)
npm http fetch GET 200 https://registry.npmjs.org/@babel%2fhelper-optimise-call-expression 17ms (cache hit)
npm http fetch GET 200 https://registry.npmjs.org/@babel%2fhelper-define-polyfill-provider 9ms (cache hit)
npm http fetch GET 200 https://registry.npmjs.org/@babel%2fhelper-builder-binary-assignment-operator-visitor 36ms (cache hit)
npm http fetch GET 200 https://registry.npmjs.org/@babel%2fhelper-create-regexp-features-plugin 50ms (cache hit)
npm http fetch GET 200 https://registry.npmjs.org/regenerator-transform 23ms (cache hit)
npm http fetch GET 200 https://registry.npmjs.org/@babel%2fhelper-remap-async-to-generator 48ms (cache hit)
npm http fetch GET 200 https://registry.npmjs.org/esutils 17ms (cache hit)
npm http fetch GET 200 https://registry.npmjs.org/@babel%2fhelper-create-regexp-features-plugin 42ms (cache hit)
npm http fetch GET 200 https://registry.npmjs.org/@babel%2fhelper-remap-async-to-generator 49ms (cache hit)
npm http fetch GET 200 https://registry.npmjs.org/regexpu-core 10ms (cache hit)
npm http fetch GET 200 https://registry.npmjs.org/regjsparser 20ms (cache hit)
npm http fetch GET 200 https://registry.npmjs.org/regenerate-unicode-properties 23ms (cache hit)
npm http fetch GET 200 https://registry.npmjs.org/regenerate 27ms (cache hit)
npm http fetch GET 200 https://registry.npmjs.org/unicode-match-property-ecmascript 23ms (cache hit)
npm http fetch GET 200 https://registry.npmjs.org/@babel%2fregjsgen 25ms (cache hit)
npm http fetch GET 200 https://registry.npmjs.org/unicode-match-property-value-ecmascript 24ms (cache hit)
npm http fetch GET 200 https://registry.npmjs.org/@babel%2fhelper-wrap-function 8ms (cache hit)
npm http fetch GET 200 https://registry.npmjs.org/@babel%2fplugin-syntax-jsx 7ms (cache hit)
npm http fetch GET 200 https://registry.npmjs.org/lodash.debounce 6ms (cache hit)
npm http fetch GET 200 https://registry.npmjs.org/path-parse 10ms (cache hit)
npm http fetch GET 200 https://registry.npmjs.org/supports-preserve-symlinks-flag 9ms (cache hit)
npm http fetch GET 200 https://registry.npmjs.org/is-core-module 12ms (cache hit)
npm http fetch GET 200 https://registry.npmjs.org/combine-source-map 106ms (cache hit)
npm http fetch GET 200 https://registry.npmjs.org/create-hmac 94ms (cache hit)
npm http fetch GET 200 https://registry.npmjs.org/browserify-cipher 99ms (cache hit)
npm http fetch GET 200 https://registry.npmjs.org/browserify-sign 98ms (cache hit)
npm http fetch GET 200 https://registry.npmjs.org/pako 108ms (cache hit)
npm http fetch GET 200 https://registry.npmjs.org/umd 111ms (cache hit)
npm http fetch GET 200 https://registry.npmjs.org/create-hash 100ms (cache hit)
npm http fetch GET 200 https://registry.npmjs.org/diffie-hellman 99ms (cache hit)
npm http fetch GET 200 https://registry.npmjs.org/typedarray 107ms (cache hit)
npm http fetch GET 200 https://registry.npmjs.org/randombytes 98ms (cache hit)
npm http fetch GET 200 https://registry.npmjs.org/public-encrypt 100ms (cache hit)
npm http fetch GET 200 https://registry.npmjs.org/create-ecdh 104ms (cache hit)
npm http fetch GET 200 https://registry.npmjs.org/pbkdf2 101ms (cache hit)
npm http fetch GET 200 https://registry.npmjs.org/combine-source-map 89ms (cache hit)
npm http fetch GET 200 https://registry.npmjs.org/acorn-node 90ms (cache hit)
npm http fetch GET 200 https://registry.npmjs.org/shasum-object 98ms (cache hit)
npm http fetch GET 200 https://registry.npmjs.org/jsonparse 86ms (cache hit)
npm http fetch GET 200 https://registry.npmjs.org/randomfill 100ms (cache hit)
npm http fetch GET 200 https://registry.npmjs.org/undeclared-identifiers 88ms (cache hit)
npm http fetch GET 200 https://registry.npmjs.org/detective 80ms (cache hit)
npm http fetch GET 200 https://registry.npmjs.org/stream-splicer 84ms (cache hit)
npm http fetch GET 200 https://registry.npmjs.org/stream-combiner2 79ms (cache hit)
npm http fetch GET 200 https://registry.npmjs.org/is-buffer 91ms (cache hit)
npm http fetch GET 200 https://registry.npmjs.org/path-platform 77ms (cache hit)
npm http fetch GET 200 https://registry.npmjs.org/json-stable-stringify 69ms (cache hit)
npm http fetch GET 200 https://registry.npmjs.org/sha.js 68ms (cache hit)
npm http fetch GET 200 https://registry.npmjs.org/builtin-status-codes 67ms (cache hit)
npm http fetch GET 200 https://registry.npmjs.org/acorn-node 64ms (cache hit)
npm http fetch GET 200 https://registry.npmjs.org/define-properties 7ms (cache hit)
npm http fetch GET 200 https://registry.npmjs.org/has-symbols 6ms (cache hit)
npm http fetch GET 200 https://registry.npmjs.org/lodash.memoize 6ms (cache hit)
npm http fetch GET 200 https://registry.npmjs.org/inline-source-map 8ms (cache hit)
npm http fetch GET 200 https://registry.npmjs.org/escalade 8ms (cache hit)
npm http fetch GET 200 https://registry.npmjs.org/picocolors 8ms (cache hit)
npm http fetch GET 200 https://registry.npmjs.org/is-extglob 11ms (cache hit)
npm http fetch GET 200 https://registry.npmjs.org/picomatch 15ms (cache hit)
npm http fetch GET 200 https://registry.npmjs.org/binary-extensions 13ms (cache hit)
npm http fetch GET 200 https://registry.npmjs.org/fill-range 15ms (cache hit)
npm http fetch GET 200 https://registry.npmjs.org/picomatch 11ms (cache hit)
npm http fetch GET 200 https://registry.npmjs.org/to-regex-range 4ms (cache hit)
npm http fetch GET 200 https://registry.npmjs.org/cipher-base 36ms (cache hit)
npm http fetch GET 200 https://registry.npmjs.org/browserify-aes 47ms (cache hit)
npm http fetch GET 200 https://registry.npmjs.org/bn.js 44ms (cache hit)
npm http fetch GET 200 https://registry.npmjs.org/browserify-des 47ms (cache hit)
npm http fetch GET 200 https://registry.npmjs.org/evp_bytestokey 47ms (cache hit)
npm http fetch GET 200 https://registry.npmjs.org/browserify-rsa 45ms (cache hit)
npm http fetch GET 200 https://registry.npmjs.org/bn.js 40ms (cache hit)
npm http fetch GET 200 https://registry.npmjs.org/parse-asn1 43ms (cache hit)
npm http fetch GET 200 https://registry.npmjs.org/ripemd160 39ms (cache hit)
npm http fetch GET 200 https://registry.npmjs.org/elliptic 45ms (cache hit)
npm http fetch GET 200 https://registry.npmjs.org/md5.js 40ms (cache hit)
npm http fetch GET 200 https://registry.npmjs.org/miller-rabin 37ms (cache hit)
npm http fetch GET 200 https://registry.npmjs.org/cipher-base 40ms (cache hit)
npm http fetch GET 200 https://registry.npmjs.org/ripemd160 40ms (cache hit)
npm http fetch GET 200 https://registry.npmjs.org/browserify-rsa 37ms (cache hit)
npm http fetch GET 200 https://registry.npmjs.org/parse-asn1 37ms (cache hit)
npm http fetch GET 200 https://registry.npmjs.org/des.js 8ms (cache hit)
npm http fetch GET 200 https://registry.npmjs.org/buffer-xor 10ms (cache hit)
npm http fetch GET 200 https://registry.npmjs.org/minimalistic-assert 6ms (cache hit)
npm http fetch GET 200 https://registry.npmjs.org/hash.js 14ms (cache hit)
npm http fetch GET 200 https://registry.npmjs.org/brorand 16ms (cache hit)
npm http fetch GET 200 https://registry.npmjs.org/minimalistic-crypto-utils 14ms (cache hit)
npm http fetch GET 200 https://registry.npmjs.org/hmac-drbg 14ms (cache hit)
npm http fetch GET 200 https://registry.npmjs.org/asn1.js 13ms (cache hit)
npm http fetch GET 200 https://registry.npmjs.org/hash-base 6ms (cache hit)
npm http fetch GET 200 https://registry.npmjs.org/stack-generator 14ms (cache hit)
npm http fetch GET 200 https://registry.npmjs.org/d 23ms (cache hit)
npm http fetch GET 200 https://registry.npmjs.org/stacktrace-gps 16ms (cache hit)
npm http fetch GET 200 https://registry.npmjs.org/core-js 28ms (cache hit)
npm http fetch GET 200 https://registry.npmjs.org/es5-ext 28ms (cache hit)
npm http fetch GET 200 https://registry.npmjs.org/upper-case 20ms (cache hit)
npm http fetch GET 200 https://registry.npmjs.org/file-type 19ms (cache hit)
npm http fetch GET 200 https://registry.npmjs.org/unbzip2-stream 20ms (cache hit)
npm http fetch GET 200 https://registry.npmjs.org/seek-bzip 21ms (cache hit)
npm http fetch GET 200 https://registry.npmjs.org/file-type 19ms (cache hit)
npm http fetch GET 200 https://registry.npmjs.org/file-type 25ms (cache hit)
npm http fetch GET 200 https://registry.npmjs.org/is-natural-number 18ms (cache hit)
npm http fetch GET 200 https://registry.npmjs.org/buffer-alloc 7ms (cache hit)
npm http fetch GET 200 https://registry.npmjs.org/to-buffer 6ms (cache hit)
npm http fetch GET 200 https://registry.npmjs.org/pinkie-promise 6ms (cache hit)
npm http fetch GET 200 https://registry.npmjs.org/is-set 54ms (cache hit)
npm http fetch GET 200 https://registry.npmjs.org/function-bind 56ms (cache hit)
npm http fetch GET 200 https://registry.npmjs.org/has-proto 52ms (cache hit)
npm http fetch GET 200 https://registry.npmjs.org/stop-iteration-iterator 54ms (cache hit)
npm http fetch GET 200 https://registry.npmjs.org/is-map 56ms (cache hit)
npm http fetch GET 200 https://registry.npmjs.org/has-tostringtag 52ms (cache hit)
npm http fetch GET 200 https://registry.npmjs.org/set-function-name 42ms (cache hit)
npm http fetch GET 200 https://registry.npmjs.org/is-bigint 41ms (cache hit)
npm http fetch GET 200 https://registry.npmjs.org/is-number-object 40ms (cache hit)
npm http fetch GET 200 https://registry.npmjs.org/is-string 56ms (cache hit)
npm http fetch GET 200 https://registry.npmjs.org/is-typed-array 48ms (cache hit)
npm http fetch GET 200 https://registry.npmjs.org/is-string 41ms (cache hit)
npm http fetch GET 200 https://registry.npmjs.org/is-boolean-object 41ms (cache hit)
npm http fetch GET 200 https://registry.npmjs.org/is-symbol 40ms (cache hit)
npm http fetch GET 200 https://registry.npmjs.org/is-map 40ms (cache hit)
npm http fetch GET 200 https://registry.npmjs.org/is-weakmap 39ms (cache hit)
npm http fetch GET 200 https://registry.npmjs.org/is-weakset 39ms (cache hit)
npm http fetch GET 200 https://registry.npmjs.org/available-typed-arrays 39ms (cache hit)
npm http fetch GET 200 https://registry.npmjs.org/is-set 42ms (cache hit)
npm http fetch GET 200 https://registry.npmjs.org/gopd 39ms (cache hit)
npm http fetch GET 200 https://registry.npmjs.org/for-each 41ms (cache hit)
npm http fetch GET 200 https://registry.npmjs.org/fast-safe-stringify 4ms (cache hit)
npm http fetch GET 200 https://registry.npmjs.org/es6-iterator 19ms (cache hit)
npm http fetch GET 200 https://registry.npmjs.org/next-tick 17ms (cache hit)
npm http fetch GET 200 https://registry.npmjs.org/es6-symbol 19ms (cache hit)
npm http fetch GET 200 https://registry.npmjs.org/type 21ms (cache hit)
npm http fetch GET 200 https://registry.npmjs.org/internal-slot 5ms (cache hit)
npm http fetch GET 200 https://registry.npmjs.org/ext 7ms (cache hit)
npm http fetch GET 200 https://registry.npmjs.org/path-key 19ms (cache hit)
npm http fetch GET 200 https://registry.npmjs.org/shebang-command 20ms (cache hit)
npm http fetch GET 200 https://registry.npmjs.org/pump 18ms (cache hit)
npm http fetch GET 200 https://registry.npmjs.org/which 20ms (cache hit)
npm http fetch GET 200 https://registry.npmjs.org/mimic-fn 16ms (cache hit)
npm http fetch GET 200 https://registry.npmjs.org/path-key 18ms (cache hit)
npm http fetch GET 200 https://registry.npmjs.org/isexe 5ms (cache hit)
npm http fetch GET 200 https://registry.npmjs.org/shebang-regex 7ms (cache hit)
npm http fetch GET 200 https://registry.npmjs.org/is-number 5ms (cache hit)
npm http fetch GET 200 https://registry.npmjs.org/pinkie 6ms (cache hit)
npm http fetch GET 200 https://registry.npmjs.org/@isaacs%2fcliui 12ms (cache hit)
npm http fetch GET 200 https://registry.npmjs.org/@pkgjs%2fparseargs 11ms (cache hit)
npm http fetch GET 200 https://registry.npmjs.org/asn1 20ms (cache hit)
npm http fetch GET 200 https://registry.npmjs.org/json-schema 22ms (cache hit)
npm http fetch GET 200 https://registry.npmjs.org/dashdash 20ms (cache hit)
npm http fetch GET 200 https://registry.npmjs.org/tweetnacl 19ms (cache hit)
npm http fetch GET 200 https://registry.npmjs.org/jsbn 19ms (cache hit)
npm http fetch GET 200 https://registry.npmjs.org/ecc-jsbn 18ms (cache hit)
npm http fetch GET 200 https://registry.npmjs.org/bcrypt-pbkdf 21ms (cache hit)
npm http fetch GET 200 https://registry.npmjs.org/getpass 23ms (cache hit)
npm http fetch GET 200 https://registry.npmjs.org/safer-buffer 23ms (cache hit)
npm http fetch GET 200 https://registry.npmjs.org/callsites 6ms (cache hit)
npm http fetch GET 200 https://registry.npmjs.org/get-assigned-identifiers 10ms (cache hit)
npm http fetch GET 200 https://registry.npmjs.org/acorn 13ms (cache hit)
npm http fetch GET 200 https://registry.npmjs.org/dash-ast 12ms (cache hit)
npm http fetch GET 200 https://registry.npmjs.org/simple-concat 11ms (cache hit)
npm http fetch GET 200 https://registry.npmjs.org/acorn-walk 15ms (cache hit)
npm http fetch GET 200 https://registry.npmjs.org/eastasianwidth 16ms (cache hit)
npm http fetch GET 200 https://registry.npmjs.org/ansi-escapes 9ms (cache hit)
npm http fetch GET 200 https://registry.npmjs.org/aggregate-error 8ms (cache hit)
npm http fetch GET 200 https://registry.npmjs.org/astral-regex 6ms (cache hit)
npm http fetch GET 200 https://registry.npmjs.org/concat-map 8ms (cache hit)
npm http fetch GET 200 https://registry.npmjs.org/balanced-match 10ms (cache hit)
npm http fetch GET 200 https://registry.npmjs.org/is-plain-obj 11ms (cache hit)
npm http fetch GET 200 https://registry.npmjs.org/locate-path 22ms (cache hit)
npm http fetch GET 200 https://registry.npmjs.org/camelcase 14ms (cache hit)
npm http fetch GET 200 https://registry.npmjs.org/path-exists 23ms (cache hit)
npm http fetch GET 200 https://registry.npmjs.org/flat 13ms (cache hit)
npm http fetch GET 200 https://registry.npmjs.org/p-locate 8ms (cache hit)
npm http fetch GET 200 https://registry.npmjs.org/p-limit 5ms (cache hit)
npm http fetch GET 200 https://registry.npmjs.org/charenc 7ms (cache hit)
npm http fetch GET 200 https://registry.npmjs.org/crypt 8ms (cache hit)
npm http fetch GET 200 https://registry.npmjs.org/escape-html 19ms (cache hit)
npm http fetch GET 200 https://registry.npmjs.org/dateformat 20ms (cache hit)
npm http fetch GET 200 https://registry.npmjs.org/fsu 20ms (cache hit)
npm http fetch GET 200 https://registry.npmjs.org/prop-types 19ms (cache hit)
npm http fetch GET 200 https://registry.npmjs.org/opener 20ms (cache hit)
npm http fetch GET 200 https://registry.npmjs.org/tcomb 19ms (cache hit)
npm http fetch GET 200 https://registry.npmjs.org/validator 19ms (cache hit)
npm http fetch GET 200 https://registry.npmjs.org/tcomb-validation 21ms (cache hit)
npm http fetch GET 200 https://registry.npmjs.org/loose-envify 12ms (cache hit)
npm http fetch GET 200 https://registry.npmjs.org/is-wsl 11ms (cache hit)
npm http fetch GET 200 https://registry.npmjs.org/define-lazy-prop 13ms (cache hit)
npm http fetch GET 200 https://registry.npmjs.org/is-docker 12ms (cache hit)
npm http fetch GET 200 https://registry.npmjs.org/traverse-chain 17ms (cache hit)
npm http fetch GET 200 https://registry.npmjs.org/thenify 4ms (cache hit)
npm http fetch GET 200 https://registry.npmjs.org/easy-stack 3ms (cache hit)
npm http fetch GET 200 https://registry.npmjs.org/define-data-property 6ms (cache hit)
npm http fetch GET 200 https://registry.npmjs.org/has-property-descriptors 7ms (cache hit)
npm http fetch GET 200 https://registry.npmjs.org/yocto-queue 6ms (cache hit)
npm http fetch GET 200 https://registry.npmjs.org/clean-stack 5ms (cache hit)
npm http fetch GET 200 https://registry.npmjs.org/is-arrayish 8ms (cache hit)
npm http fetch GET 200 https://registry.npmjs.org/stream-combiner 9ms (cache hit)
npm http fetch GET 200 https://registry.npmjs.org/pause-stream 11ms (cache hit)
npm http fetch GET 200 https://registry.npmjs.org/duplexer 14ms (cache hit)
npm http fetch GET 200 https://registry.npmjs.org/from 13ms (cache hit)
npm http fetch GET 200 https://registry.npmjs.org/map-stream 14ms (cache hit)
npm http fetch GET 200 https://registry.npmjs.org/functions-have-names 7ms (cache hit)
npm http fetch GET 200 https://registry.npmjs.org/unicode-canonical-property-names-ecmascript 9ms (cache hit)
npm http fetch GET 200 https://registry.npmjs.org/unicode-property-aliases-ecmascript 10ms (cache hit)
npm http fetch GET 200 https://registry.npmjs.org/har-schema 19ms (cache hit)
npm http fetch GET 200 https://registry.npmjs.org/fast-json-stable-stringify 10ms (cache hit)
npm http fetch GET 200 https://registry.npmjs.org/uri-js 10ms (cache hit)
npm http fetch GET 200 https://registry.npmjs.org/json-schema-traverse 10ms (cache hit)
npm http fetch GET 200 https://registry.npmjs.org/fast-deep-equal 11ms (cache hit)
npm http fetch GET 200 https://registry.npmjs.org/jsonify 5ms (cache hit)
npm http fetch GET 200 https://registry.npmjs.org/wrappy 6ms (cache hit)
npm http fetch GET 200 https://registry.npmjs.org/requires-port 6ms (cache hit)
npm http fetch GET 200 https://registry.npmjs.org/querystringify 6ms (cache hit)
npm http fetch GET 200 https://registry.npmjs.org/widest-line 26ms (cache hit)
npm http fetch GET 200 https://registry.npmjs.org/ansi-align 28ms (cache hit)
npm http fetch GET 200 https://registry.npmjs.org/cli-boxes 28ms (cache hit)
npm http fetch GET 200 https://registry.npmjs.org/unique-string 26ms (cache hit)
npm http fetch GET 200 https://registry.npmjs.org/write-file-atomic 27ms (cache hit)
npm http fetch GET 200 https://registry.npmjs.org/escape-goat 21ms (cache hit)
npm http fetch GET 200 https://registry.npmjs.org/package-json 23ms (cache hit)
npm http fetch GET 200 https://registry.npmjs.org/dot-prop 30ms (cache hit)
npm http fetch GET 200 https://registry.npmjs.org/typedarray-to-buffer 4ms (cache hit)
npm http fetch GET 200 https://registry.npmjs.org/crypto-random-string 9ms (cache hit)
npm http fetch GET 200 https://registry.npmjs.org/is-obj 13ms (cache hit)
npm http fetch GET 200 https://registry.npmjs.org/imurmurhash 8ms (cache hit)
npm http fetch GET 200 https://registry.npmjs.org/registry-auth-token 9ms (cache hit)
npm http fetch GET 200 https://registry.npmjs.org/got 11ms (cache hit)
npm http fetch GET 200 https://registry.npmjs.org/registry-url 12ms (cache hit)
npm http fetch GET 200 https://registry.npmjs.org/duplexer3 37ms (cache hit)
npm http fetch GET 200 https://registry.npmjs.org/@sindresorhus%2fis 39ms (cache hit)
npm http fetch GET 200 https://registry.npmjs.org/decompress-response 39ms (cache hit)
npm http fetch GET 200 https://registry.npmjs.org/@szmarczak%2fhttp-timer 40ms (cache hit)
npm http fetch GET 200 https://registry.npmjs.org/cacheable-request 40ms (cache hit)
npm http fetch GET 200 https://registry.npmjs.org/p-cancelable 39ms (cache hit)
npm http fetch GET 200 https://registry.npmjs.org/to-readable-stream 38ms (cache hit)
npm http fetch GET 200 https://registry.npmjs.org/lowercase-keys 41ms (cache hit)
npm http fetch GET 200 https://registry.npmjs.org/mimic-response 40ms (cache hit)
npm http fetch GET 200 https://registry.npmjs.org/url-parse-lax 39ms (cache hit)
npm http fetch GET 200 https://registry.npmjs.org/rc 37ms (cache hit)
npm http fetch GET 200 https://registry.npmjs.org/rc 36ms (cache hit)
npm http fetch GET 200 https://registry.npmjs.org/clone-response 23ms (cache hit)
npm http fetch GET 200 https://registry.npmjs.org/defer-to-connect 25ms (cache hit)
npm http fetch GET 200 https://registry.npmjs.org/http-cache-semantics 24ms (cache hit)
npm http fetch GET 200 https://registry.npmjs.org/responselike 24ms (cache hit)
npm http fetch GET 200 https://registry.npmjs.org/keyv 25ms (cache hit)
npm http fetch GET 200 https://registry.npmjs.org/normalize-url 26ms (cache hit)
npm http fetch GET 200 https://registry.npmjs.org/prepend-http 18ms (cache hit)
npm http fetch GET 200 https://registry.npmjs.org/json-buffer 7ms (cache hit)
npm http fetch GET 200 https://registry.npmjs.org/deep-extend 6ms (cache hit)
npm http fetch GET 200 https://registry.npmjs.org/has-bigints 9ms (cache hit)
npm http fetch GET 200 https://registry.npmjs.org/is-callable 6ms (cache hit)
npm http fetch GET 200 https://registry.npmjs.org/pend 5ms (cache hit)
npm http fetch GET 200 https://registry.npmjs.org/crc32-stream 7ms (cache hit)
npm http fetch GET 200 https://registry.npmjs.org/crc-32 5ms (cache hit)
npm http fetch GET 200 https://registry.npmjs.org/color-name 5ms (cache hit)
npm http fetch GET 200 https://registry.npmjs.org/json-parse-better-errors 7ms (cache hit)
npm http fetch GET 200 https://registry.npmjs.org/esprima 10ms (cache hit)
npm http fetch GET 200 https://registry.npmjs.org/sprintf-js 5ms (cache hit)
npm http fetch GET 200 https://registry.npmjs.org/buffer-alloc-unsafe 8ms (cache hit)
npm http fetch GET 200 https://registry.npmjs.org/buffer-fill 9ms (cache hit)
npm http fetch GET 200 https://registry.npmjs.org/is-generator-function 6ms (cache hit)
npm http fetch GET 200 https://registry.npmjs.org/p-try 26ms (cache hit)
npm verb reify failed optional dependency D:\Trabajo\TrueLogic\VF Repo\draco\Cypress\tmpBstackPackages\node_modules\esbuild-windows-arm64
npm verb reify failed optional dependency D:\Trabajo\TrueLogic\VF Repo\draco\Cypress\tmpBstackPackages\node_modules\esbuild-windows-32
npm verb reify failed optional dependency D:\Trabajo\TrueLogic\VF Repo\draco\Cypress\tmpBstackPackages\node_modules\esbuild-sunos-64
npm verb reify failed optional dependency D:\Trabajo\TrueLogic\VF Repo\draco\Cypress\tmpBstackPackages\node_modules\esbuild-openbsd-64
npm verb reify failed optional dependency D:\Trabajo\TrueLogic\VF Repo\draco\Cypress\tmpBstackPackages\node_modules\esbuild-netbsd-64
npm verb reify failed optional dependency D:\Trabajo\TrueLogic\VF Repo\draco\Cypress\tmpBstackPackages\node_modules\esbuild-linux-s390x
npm verb reify failed optional dependency D:\Trabajo\TrueLogic\VF Repo\draco\Cypress\tmpBstackPackages\node_modules\esbuild-linux-riscv64
npm verb reify failed optional dependency D:\Trabajo\TrueLogic\VF Repo\draco\Cypress\tmpBstackPackages\node_modules\esbuild-linux-ppc64le
npm verb reify failed optional dependency D:\Trabajo\TrueLogic\VF Repo\draco\Cypress\tmpBstackPackages\node_modules\esbuild-linux-mips64le
npm verb reify failed optional dependency D:\Trabajo\TrueLogic\VF Repo\draco\Cypress\tmpBstackPackages\node_modules\esbuild-linux-arm64
npm verb reify failed optional dependency D:\Trabajo\TrueLogic\VF Repo\draco\Cypress\tmpBstackPackages\node_modules\esbuild-linux-arm
npm verb reify failed optional dependency D:\Trabajo\TrueLogic\VF Repo\draco\Cypress\tmpBstackPackages\node_modules\esbuild-linux-64
npm verb reify failed optional dependency D:\Trabajo\TrueLogic\VF Repo\draco\Cypress\tmpBstackPackages\node_modules\esbuild-linux-32
npm verb reify failed optional dependency D:\Trabajo\TrueLogic\VF Repo\draco\Cypress\tmpBstackPackages\node_modules\esbuild-freebsd-arm64
npm verb reify failed optional dependency D:\Trabajo\TrueLogic\VF Repo\draco\Cypress\tmpBstackPackages\node_modules\esbuild-freebsd-64
npm verb reify failed optional dependency D:\Trabajo\TrueLogic\VF Repo\draco\Cypress\tmpBstackPackages\node_modules\esbuild-darwin-arm64
npm verb reify failed optional dependency D:\Trabajo\TrueLogic\VF Repo\draco\Cypress\tmpBstackPackages\node_modules\esbuild-darwin-64
npm verb reify failed optional dependency D:\Trabajo\TrueLogic\VF Repo\draco\Cypress\tmpBstackPackages\node_modules\esbuild-android-arm64
npm verb reify failed optional dependency D:\Trabajo\TrueLogic\VF Repo\draco\Cypress\tmpBstackPackages\node_modules\esbuild-android-64
npm verb reify failed optional dependency D:\Trabajo\TrueLogic\VF Repo\draco\Cypress\tmpBstackPackages\node_modules\@esbuild\win32-ia32
npm verb reify failed optional dependency D:\Trabajo\TrueLogic\VF Repo\draco\Cypress\tmpBstackPackages\node_modules\@esbuild\win32-arm64
npm verb reify failed optional dependency D:\Trabajo\TrueLogic\VF Repo\draco\Cypress\tmpBstackPackages\node_modules\@esbuild\sunos-x64
npm verb reify failed optional dependency D:\Trabajo\TrueLogic\VF Repo\draco\Cypress\tmpBstackPackages\node_modules\@esbuild\openbsd-x64
npm verb reify failed optional dependency D:\Trabajo\TrueLogic\VF Repo\draco\Cypress\tmpBstackPackages\node_modules\@esbuild\netbsd-x64
npm verb reify failed optional dependency D:\Trabajo\TrueLogic\VF Repo\draco\Cypress\tmpBstackPackages\node_modules\@esbuild\linux-x64
npm verb reify failed optional dependency D:\Trabajo\TrueLogic\VF Repo\draco\Cypress\tmpBstackPackages\node_modules\@esbuild\linux-s390x
npm verb reify failed optional dependency D:\Trabajo\TrueLogic\VF Repo\draco\Cypress\tmpBstackPackages\node_modules\@esbuild\linux-riscv64
npm verb reify failed optional dependency D:\Trabajo\TrueLogic\VF Repo\draco\Cypress\tmpBstackPackages\node_modules\@esbuild\linux-ppc64
npm verb reify failed optional dependency D:\Trabajo\TrueLogic\VF Repo\draco\Cypress\tmpBstackPackages\node_modules\@esbuild\linux-mips64el
npm verb reify failed optional dependency D:\Trabajo\TrueLogic\VF Repo\draco\Cypress\tmpBstackPackages\node_modules\@esbuild\linux-loong64
npm verb reify failed optional dependency D:\Trabajo\TrueLogic\VF Repo\draco\Cypress\tmpBstackPackages\node_modules\@esbuild\linux-ia32
npm verb reify failed optional dependency D:\Trabajo\TrueLogic\VF Repo\draco\Cypress\tmpBstackPackages\node_modules\@esbuild\linux-arm64
npm verb reify failed optional dependency D:\Trabajo\TrueLogic\VF Repo\draco\Cypress\tmpBstackPackages\node_modules\@esbuild\linux-arm
npm verb reify failed optional dependency D:\Trabajo\TrueLogic\VF Repo\draco\Cypress\tmpBstackPackages\node_modules\@esbuild\freebsd-x64
npm verb reify failed optional dependency D:\Trabajo\TrueLogic\VF Repo\draco\Cypress\tmpBstackPackages\node_modules\@esbuild\freebsd-arm64
npm verb reify failed optional dependency D:\Trabajo\TrueLogic\VF Repo\draco\Cypress\tmpBstackPackages\node_modules\@esbuild\darwin-x64
npm verb reify failed optional dependency D:\Trabajo\TrueLogic\VF Repo\draco\Cypress\tmpBstackPackages\node_modules\@esbuild\darwin-arm64
npm verb reify failed optional dependency D:\Trabajo\TrueLogic\VF Repo\draco\Cypress\tmpBstackPackages\node_modules\@esbuild\android-x64
npm verb reify failed optional dependency D:\Trabajo\TrueLogic\VF Repo\draco\Cypress\tmpBstackPackages\node_modules\@esbuild\android-arm64
npm verb reify failed optional dependency D:\Trabajo\TrueLogic\VF Repo\draco\Cypress\tmpBstackPackages\node_modules\@esbuild\android-arm
npm verb reify failed optional dependency D:\Trabajo\TrueLogic\VF Repo\draco\Cypress\tmpBstackPackages\node_modules\fsevents
npm verb reify failed optional dependency D:\Trabajo\TrueLogic\VF Repo\draco\Cypress\tmpBstackPackages\node_modules\@badeball\cypress-configuration\node_modules\@esbuild\linux-loong64
npm verb reify failed optional dependency D:\Trabajo\TrueLogic\VF Repo\draco\Cypress\tmpBstackPackages\node_modules\@badeball\cypress-cucumber-preprocessor\node_modules\@esbuild\win32-ia32
npm verb reify failed optional dependency D:\Trabajo\TrueLogic\VF Repo\draco\Cypress\tmpBstackPackages\node_modules\@badeball\cypress-cucumber-preprocessor\node_modules\@esbuild\win32-arm64
npm verb reify failed optional dependency D:\Trabajo\TrueLogic\VF Repo\draco\Cypress\tmpBstackPackages\node_modules\@badeball\cypress-cucumber-preprocessor\node_modules\@esbuild\sunos-x64
npm verb reify failed optional dependency D:\Trabajo\TrueLogic\VF Repo\draco\Cypress\tmpBstackPackages\node_modules\@badeball\cypress-cucumber-preprocessor\node_modules\@esbuild\openbsd-x64
npm verb reify failed optional dependency D:\Trabajo\TrueLogic\VF Repo\draco\Cypress\tmpBstackPackages\node_modules\@badeball\cypress-cucumber-preprocessor\node_modules\@esbuild\netbsd-x64
npm verb reify failed optional dependency D:\Trabajo\TrueLogic\VF Repo\draco\Cypress\tmpBstackPackages\node_modules\@badeball\cypress-cucumber-preprocessor\node_modules\@esbuild\linux-x64
npm verb reify failed optional dependency D:\Trabajo\TrueLogic\VF Repo\draco\Cypress\tmpBstackPackages\node_modules\@badeball\cypress-cucumber-preprocessor\node_modules\@esbuild\linux-s390x
npm verb reify failed optional dependency D:\Trabajo\TrueLogic\VF Repo\draco\Cypress\tmpBstackPackages\node_modules\@badeball\cypress-cucumber-preprocessor\node_modules\@esbuild\linux-riscv64
npm verb reify failed optional dependency D:\Trabajo\TrueLogic\VF Repo\draco\Cypress\tmpBstackPackages\node_modules\@badeball\cypress-cucumber-preprocessor\node_modules\@esbuild\linux-ppc64
npm verb reify failed optional dependency D:\Trabajo\TrueLogic\VF Repo\draco\Cypress\tmpBstackPackages\node_modules\@badeball\cypress-cucumber-preprocessor\node_modules\@esbuild\linux-mips64el
npm verb reify failed optional dependency D:\Trabajo\TrueLogic\VF Repo\draco\Cypress\tmpBstackPackages\node_modules\@badeball\cypress-cucumber-preprocessor\node_modules\@esbuild\linux-loong64
npm verb reify failed optional dependency D:\Trabajo\TrueLogic\VF Repo\draco\Cypress\tmpBstackPackages\node_modules\@badeball\cypress-cucumber-preprocessor\node_modules\@esbuild\linux-ia32
npm verb reify failed optional dependency D:\Trabajo\TrueLogic\VF Repo\draco\Cypress\tmpBstackPackages\node_modules\@badeball\cypress-cucumber-preprocessor\node_modules\@esbuild\linux-arm64
npm verb reify failed optional dependency D:\Trabajo\TrueLogic\VF Repo\draco\Cypress\tmpBstackPackages\node_modules\@badeball\cypress-cucumber-preprocessor\node_modules\@esbuild\linux-arm
npm verb reify failed optional dependency D:\Trabajo\TrueLogic\VF Repo\draco\Cypress\tmpBstackPackages\node_modules\@badeball\cypress-cucumber-preprocessor\node_modules\@esbuild\freebsd-x64
npm verb reify failed optional dependency D:\Trabajo\TrueLogic\VF Repo\draco\Cypress\tmpBstackPackages\node_modules\@badeball\cypress-cucumber-preprocessor\node_modules\@esbuild\freebsd-arm64
npm verb reify failed optional dependency D:\Trabajo\TrueLogic\VF Repo\draco\Cypress\tmpBstackPackages\node_modules\@badeball\cypress-cucumber-preprocessor\node_modules\@esbuild\darwin-x64
npm verb reify failed optional dependency D:\Trabajo\TrueLogic\VF Repo\draco\Cypress\tmpBstackPackages\node_modules\@badeball\cypress-cucumber-preprocessor\node_modules\@esbuild\darwin-arm64
npm verb reify failed optional dependency D:\Trabajo\TrueLogic\VF Repo\draco\Cypress\tmpBstackPackages\node_modules\@badeball\cypress-cucumber-preprocessor\node_modules\@esbuild\android-x64
npm verb reify failed optional dependency D:\Trabajo\TrueLogic\VF Repo\draco\Cypress\tmpBstackPackages\node_modules\@badeball\cypress-cucumber-preprocessor\node_modules\@esbuild\android-arm64
npm verb reify failed optional dependency D:\Trabajo\TrueLogic\VF Repo\draco\Cypress\tmpBstackPackages\node_modules\@badeball\cypress-cucumber-preprocessor\node_modules\@esbuild\android-arm
npm http fetch POST 200 https://registry.npmjs.org/-/npm/v1/security/advisories/bulk 2533ms
npm WARN deprecated @babel/plugin-proposal-class-properties@7.18.6: This proposal has been merged to the ECMAScript standard and thus this plugin is no longer maintained. Please use @babel/plugin-transform-class-properties instead.
npm WARN deprecated har-validator@5.1.5: this library is no longer supported
npm WARN deprecated @babel/plugin-proposal-object-rest-spread@7.20.7: This proposal has been merged to the ECMAScript standard and thus this plugin is no longer maintained. Please use @babel/plugin-transform-object-rest-spread instead.
npm WARN deprecated uuid@3.4.0: Please upgrade  to version 7 or higher.  Older versions may use Math.random() in certain circumstances, which is known to be problematic.  See https://v8.dev/blog/math-random for details.
npm WARN deprecated request@2.88.2: request has been deprecated, see https://github.com/request/request/issues/3142
npm WARN deprecated gherkin@5.1.0: This package is now published under @cucumber/gherkin
npm WARN deprecated cucumber-expressions@6.6.2: This package is now published under @cucumber/cucumber-expressions
npm WARN deprecated cucumber-expressions@5.0.18: This package is now published under @cucumber/cucumber-expressions
npm WARN deprecated cucumber@4.2.1: Cucumber is publishing new releases under @cucumber/cucumber
npm WARN deprecated core-js@2.6.12: core-js@<3.23.3 is no longer maintained and not recommended for usage due to the number of issues. Because of the V8 engine whims, feature detection in old core-js versions could cause a slowdown up to 100x even if nothing is polyfilled. Some versions have web compatibility issues. Please, upgrade your dependencies to the actual version of core-js.
npm info run playwright-webkit@1.39.0 install node_modules/playwright-webkit node install.js
npm info run playwright-webkit@1.39.0 install { code: 0, signal: null }
npm info run core-js@2.6.12 postinstall node_modules/core-js node -e "try{require('./postinstall')}catch(e){}"
npm info run cypress@12.17.4 postinstall node_modules/cypress node index.js --exec install
npm info run es5-ext@0.10.62 postinstall node_modules/es5-ext  node -e "try{require('./_postinstall')}catch(e){}" || exit 0
npm info run esbuild@0.18.20 postinstall node_modules/esbuild node install.js
npm info run esbuild@0.14.54 postinstall node_modules/@badeball/cypress-configuration/node_modules/esbuild node install.js
npm info run esbuild@0.19.4 postinstall node_modules/@badeball/cypress-cucumber-preprocessor/node_modules/esbuild node install.js
npm info run cucumber-expressions@5.0.18 postinstall node_modules/cucumber/node_modules/cucumber-expressions node scripts/postinstall.js
npm info run es5-ext@0.10.62 postinstall { code: 0, signal: null }
npm info run core-js@2.6.12 postinstall { code: 0, signal: null }
npm info run cucumber-expressions@5.0.18 postinstall { code: 0, signal: null }
npm info run cypress@12.17.4 postinstall { code: 0, signal: null }
npm info run esbuild@0.14.54 postinstall { code: 0, signal: null }
npm info run esbuild@0.18.20 postinstall { code: 0, signal: null }
npm info run esbuild@0.19.4 postinstall { code: 0, signal: null }

added 1094 packages, and audited 1095 packages in 22s

130 packages are looking for funding
  run `npm fund` for details

9 moderate severity vulnerabilities

To address all issues (including breaking changes), run:
  npm audit fix --force

Run `npm audit` for details.
npm verb exit 0
npm info ok 
